DEBUG 2024-01-23 18:15:05.966 UTC: 	 CRAB Client version: v3.231101
DEBUG 2024-01-23 18:15:05.967 UTC: 	 Running on: Linux lxplus791.cern.ch 3.10.0-1160.102.1.el7.x86_64 #1 SMP Tue Oct 17 15:42:21 UTC 2023 x86_64 x86_64 x86_64 GNU/Linux - CentOS Linux 7 (Core)
DEBUG 2024-01-23 18:15:05.967 UTC: 	 Executing command: 'submit'
DEBUG 2024-01-23 18:15:05.967 UTC: 	 Found CRAB cache file /afs/cern.ch/user/l/lfrosina/.crab3
INFO 2024-01-23 18:15:05.967 UTC: 	 Will use CRAB configuration file submit_crab_data.py
DEBUG 2024-01-23 18:15:05.967 UTC: 	 Loading CRAB configuration file.
DEBUG 2024-01-23 18:15:07.319 UTC: 	 Will use CRAB Analysis plugin (i.e. will run an analysis job type).
ERROR 2024-01-23 18:15:07.319 UTC: 	 Working area '/afs/cern.ch/user/l/lfrosina/public/DFinder/CMSSW_12_5_0/src/dfinder/crab_Run2_DATA_SD_OnlyCharged_ParticlePtCut1Gev_Aggregation' already exists 
Please change the requestName in the config file
ERROR 2024-01-23 18:15:07.319 UTC: 	 Caught ClientException exception
Traceback (most recent call last):
  File "/cvmfs/cms.cern.ch/share/cms/crab-prod/v3.231101.00/bin/crab.py", line 152, in <module>
    client()
  File "/cvmfs/cms.cern.ch/share/cms/crab-prod/v3.231101.00/bin/crab.py", line 135, in __call__
    self.cmd = sub_cmd(self.logger, args[1:])
  File "/cvmfs/cms.cern.ch/share/cms/crab-prod/v3.231101.00/lib/CRABClient/Commands/submit.py", line 36, in __init__
    SubCommand.__init__(self, logger, cmdargs, disable_interspersed_args=True)
  File "/cvmfs/cms.cern.ch/share/cms/crab-prod/v3.231101.00/lib/CRABClient/Commands/SubCommand.py", line 321, in __init__
    self.requestarea, self.requestname, self.logfile = createWorkArea(
  File "/cvmfs/cms.cern.ch/share/cms/crab-prod/v3.231101.00/lib/CRABClient/ClientUtilities.py", line 390, in createWorkArea
    raise ConfigException("Working area '%s' already exists \nPlease change the requestName in the config file" % fullpath)
CRABClient.ClientExceptions.ConfigException: Working area '/afs/cern.ch/user/l/lfrosina/public/DFinder/CMSSW_12_5_0/src/dfinder/crab_Run2_DATA_SD_OnlyCharged_ParticlePtCut1Gev_Aggregation' already exists 
Please change the requestName in the config file
INFO 2024-01-23 18:15:07.322 UTC: 	 Log file is /afs/cern.ch/user/l/lfrosina/public/DFinder/CMSSW_12_5_0/src/dfinder/crab.log
