

[31m~*~ CENTRALITY TABLE FOR 2018 PBPB DATA ~*~[0m
[36m~*~ TAG: CentralityTable_HFtowers200_DataPbPb_periHYDJETshape_run2v1033p1x01_offline ~*~[0m


DEBUG 2024-01-27 11:48:28.303 UTC: 	 CRAB Client version: v3.231101
DEBUG 2024-01-27 11:48:28.304 UTC: 	 Running on: Linux lxplus777.cern.ch 3.10.0-1160.102.1.el7.x86_64 #1 SMP Tue Oct 17 15:42:21 UTC 2023 x86_64 x86_64 x86_64 GNU/Linux - CentOS Linux 7 (Core)
DEBUG 2024-01-27 11:48:28.304 UTC: 	 Executing command: 'submit'
DEBUG 2024-01-27 11:48:28.304 UTC: 	 Found CRAB cache file /afs/cern.ch/user/l/lfrosina/.crab3
INFO 2024-01-27 11:48:28.304 UTC: 	 Will use CRAB configuration file submit_crab_data.py
DEBUG 2024-01-27 11:48:28.304 UTC: 	 Loading CRAB configuration file.
DEBUG 2024-01-27 11:48:28.305 UTC: 	 Will use CRAB Analysis plugin (i.e. will run an analysis job type).
DEBUG 2024-01-27 11:48:28.311 UTC: 	 Checking credentials
DEBUG 2024-01-27 11:48:28.311 UTC: 	 Found proxy file /tmp/x509up_u167428
DEBUG 2024-01-27 11:48:28.311 UTC: 	 Making sure it has proper VOMS extension
DEBUG 2024-01-27 11:48:28.311 UTC: 	 Executing command :
 voms-proxy-info --vo --file /tmp/x509up_u167428
DEBUG 2024-01-27 11:48:28.712 UTC: 	 output : cms

 error: 
 retcode : 0
DEBUG 2024-01-27 11:48:28.713 UTC: 	 Getting proxy life time left
DEBUG 2024-01-27 11:48:28.713 UTC: 	 Executing command :
 voms-proxy-info --actimeleft --timeleft --file /tmp/x509up_u167428
DEBUG 2024-01-27 11:48:29.124 UTC: 	 output : 42897
42897

 error: 
 retcode : 0
DEBUG 2024-01-27 11:48:29.124 UTC: 	 Proxy valid for 11:54:57 hours
DEBUG 2024-01-27 11:48:29.125 UTC: 	 Encoded data for curl request: subresource=delegatedn
DEBUG 2024-01-27 11:48:29.169 UTC: 	 Registering user credentials on myproxy for /DC=ch/DC=cern/OU=computers/CN=crab-(preprod|prod|dev)-tw(01|02|03).cern.ch|/DC=ch/DC=cern/OU=computers/CN=stefanov(m|m2).cern.ch|/DC=ch/DC=cern/OU=computers/CN=dciangot-tw.cern.ch
DEBUG 2024-01-27 11:48:29.170 UTC: 	 Executing command :
 voms-proxy-info --identity --file /tmp/x509up_u167428
DEBUG 2024-01-27 11:48:29.565 UTC: 	 output : /DC=ch/DC=cern/OU=Organic Units/OU=Users/CN=lfrosina/CN=873805/CN=Lorenzo Frosina

 error: 
 retcode : 0
DEBUG 2024-01-27 11:48:29.565 UTC: 	 Getting myproxy life time left for 2283c1c99b6cf631e0ccc1abd189566f931bf34e
DEBUG 2024-01-27 11:48:29.565 UTC: 	 Executing command :
 myproxy-info -s myproxy.cern.ch -l 2283c1c99b6cf631e0ccc1abd189566f931bf34e
DEBUG 2024-01-27 11:48:29.782 UTC: 	 output : username: 2283c1c99b6cf631e0ccc1abd189566f931bf34e
owner: /DC=ch/DC=cern/OU=Organic Units/OU=Users/CN=lfrosina/CN=873805/CN=Lorenzo Frosina
  renewal policy: /DC=ch/DC=cern/OU=computers/CN=crab-(preprod|prod|dev)-tw(01|02|03).cern.ch|/DC=ch/DC=cern/OU=computers/CN=stefanov(m|m2).cern.ch|/DC=ch/DC=cern/OU=computers/CN=dciangot-tw.cern.ch
  trusted retrieval policy: /DC=ch/DC=cern/OU=computers/CN=crab-(preprod|prod|dev)-tw(01|02|03).cern.ch|/DC=ch/DC=cern/OU=computers/CN=stefanov(m|m2).cern.ch|/DC=ch/DC=cern/OU=computers/CN=dciangot-tw.cern.ch
  timeleft: 630:24:08  (26.3 days)

 error: 
 retcode : 0
DEBUG 2024-01-27 11:48:29.782 UTC: 	 Myproxy is valid: 2269440
DEBUG 2024-01-27 11:48:29.782 UTC: 	 Result of myproxy credential check:
  Credential exists on myproxy: username: 2283c1c99b6cf631e0ccc1abd189566f931bf34e  - validity: 26 days, 6:24:00
DEBUG 2024-01-27 11:48:29.782 UTC: 	 Command use: submit
DEBUG 2024-01-27 11:48:29.782 UTC: 	 Options use: ['submit_crab_data.py']
DEBUG 2024-01-27 11:48:29.783 UTC: 	 Encoded data for curl request: subresource=version
DEBUG 2024-01-27 11:48:29.822 UTC: 	 CRABClient version: v3.231101
DEBUG 2024-01-27 11:48:29.822 UTC: 	 Instance is prod
DEBUG 2024-01-27 11:48:29.822 UTC: 	 Server base url is cmsweb.cern.ch
DEBUG 2024-01-27 11:48:29.822 UTC: 	 Command api workflow
DEBUG 2024-01-27 11:48:29.822 UTC: 	 Started submission
DEBUG 2024-01-27 11:48:29.822 UTC: 	 Working on /afs/cern.ch/user/l/lfrosina/public/DFinder/CMSSW_12_5_0/src/dfinder/crab_Run2_DATA_FullParticles_Aggregation
DEBUG 2024-01-27 11:48:29.822 UTC: 	 Encoded data for curl request: subresource=backendurls
DEBUG 2024-01-27 11:48:29.896 UTC: 	 Loading required information from the environment
DEBUG 2024-01-27 11:48:29.896 UTC: 	 Found CMSSW_12_5_0 for slc7_amd64_gcc10 with base /afs/cern.ch/user/l/lfrosina/public/DFinder/CMSSW_12_5_0
DEBUG 2024-01-27 11:48:29.896 UTC: 	 Loading required information from the environment
DEBUG 2024-01-27 11:48:29.896 UTC: 	 Found CMSSW_12_5_0 for slc7_amd64_gcc10 with base /afs/cern.ch/user/l/lfrosina/public/DFinder/CMSSW_12_5_0
DEBUG 2024-01-27 11:48:29.896 UTC: 	 UNIQUE NAME: tarUUID 11f071e2-4edd-429f-be69-bca36f556d1a 
DEBUG 2024-01-27 11:48:29.896 UTC: 	 self.config: from WMCore.Configuration import Configuration
config = Configuration()
config.section_('General')
config.General.requestName = 'Run2_DATA_FullParticles_Aggregation'
config.General.transferOutputs = True
config.section_('JobType')
config.JobType.outputFiles = ['HiForestMiniAOD_FullParticles_DATA_Dfinder.root']
config.JobType.psetName = 'forest_miniAOD_run2_DATA_wDfinder.py'
config.JobType.maxMemoryMB = 5000
config.JobType.pluginName = 'Analysis'
config.section_('Data')
config.Data.outLFNDirBase = '/store/user/lfrosina/Run2_dfinder_DATA_FullParticles_aggregation'
config.Data.unitsPerJob = 30000
config.Data.inputDataset = '/HIHardProbes/HIRun2018A-PbPb18_MiniAODv1-v1/MINIAOD'
config.Data.publication = False
config.Data.totalUnits = -1
config.Data.splitting = 'EventAwareLumiBased'
config.section_('Site')
config.Site.storageSite = 'T2_IT_Rome'
config.section_('User')
config.section_('Debug')

DEBUG 2024-01-27 11:48:29.896 UTC: 	 self.config.JobType.psetName: forest_miniAOD_run2_DATA_wDfinder.py
INFO 2024-01-27 11:48:29.896 UTC: 	 Importing CMSSW configuration forest_miniAOD_run2_DATA_wDfinder.py
INFO 2024-01-27 11:48:31.727 UTC: 	 Finished importing CMSSW configuration forest_miniAOD_run2_DATA_wDfinder.py
DEBUG 2024-01-27 11:48:31.727 UTC: 	 Writing CMSSW configuration to /afs/cern.ch/user/l/lfrosina/public/DFinder/CMSSW_12_5_0/src/dfinder/crab_Run2_DATA_FullParticles_Aggregation/inputs/PSet.py
DEBUG 2024-01-27 11:48:31.897 UTC: 	 The following EDM output files will be collected: []
DEBUG 2024-01-27 11:48:31.897 UTC: 	 The following TFile output files will be collected: ['HiForestMiniAOD_FullParticles_DATA_Dfinder.root']
DEBUG 2024-01-27 11:48:31.897 UTC: 	 The following user output files (not listed as PoolOuputModule or TFileService in the CMSSW PSet) will be collected: 
DEBUG 2024-01-27 11:48:31.898 UTC: 	 Loading required information from the environment
DEBUG 2024-01-27 11:48:31.898 UTC: 	 Found CMSSW_12_5_0 for slc7_amd64_gcc10 with base /afs/cern.ch/user/l/lfrosina/public/DFinder/CMSSW_12_5_0
DEBUG 2024-01-27 11:48:31.898 UTC: 	 Making tarball in /afs/cern.ch/user/l/lfrosina/public/DFinder/CMSSW_12_5_0/src/dfinder/crab_Run2_DATA_FullParticles_Aggregation/inputs/11f071e2-4edd-429f-be69-bca36f556d1adefault.tgz
DEBUG 2024-01-27 11:48:31.898 UTC: 	 Checking directory /afs/cern.ch/user/l/lfrosina/public/DFinder/CMSSW_12_5_0/bin
DEBUG 2024-01-27 11:48:31.898 UTC: 	 Adding directory /afs/cern.ch/user/l/lfrosina/public/DFinder/CMSSW_12_5_0/bin to tarball
DEBUG 2024-01-27 11:48:31.901 UTC: 	 Checking directory /afs/cern.ch/user/l/lfrosina/public/DFinder/CMSSW_12_5_0/python
DEBUG 2024-01-27 11:48:31.901 UTC: 	 Adding directory /afs/cern.ch/user/l/lfrosina/public/DFinder/CMSSW_12_5_0/python to tarball
DEBUG 2024-01-27 11:48:31.952 UTC: 	 Checking directory /afs/cern.ch/user/l/lfrosina/public/DFinder/CMSSW_12_5_0/cfipython
DEBUG 2024-01-27 11:48:31.952 UTC: 	 Adding directory /afs/cern.ch/user/l/lfrosina/public/DFinder/CMSSW_12_5_0/cfipython to tarball
DEBUG 2024-01-27 11:48:31.984 UTC: 	 Checking directory /afs/cern.ch/user/l/lfrosina/public/DFinder/CMSSW_12_5_0/lib
DEBUG 2024-01-27 11:48:31.984 UTC: 	 Adding directory /afs/cern.ch/user/l/lfrosina/public/DFinder/CMSSW_12_5_0/lib to tarball
DEBUG 2024-01-27 11:48:33.177 UTC: 	 Checking directory /afs/cern.ch/user/l/lfrosina/public/DFinder/CMSSW_12_5_0/biglib
DEBUG 2024-01-27 11:48:33.177 UTC: 	 Adding directory /afs/cern.ch/user/l/lfrosina/public/DFinder/CMSSW_12_5_0/biglib to tarball
DEBUG 2024-01-27 11:48:33.179 UTC: 	 Checking directory /afs/cern.ch/user/l/lfrosina/public/DFinder/CMSSW_12_5_0/module
DEBUG 2024-01-27 11:48:33.179 UTC: 	 Checking directory /afs/cern.ch/user/l/lfrosina/public/DFinder/CMSSW_12_5_0/config/SCRAM/hooks
DEBUG 2024-01-27 11:48:33.179 UTC: 	 Adding directory /afs/cern.ch/user/l/lfrosina/public/DFinder/CMSSW_12_5_0/config/SCRAM/hooks to tarball
DEBUG 2024-01-27 11:48:33.230 UTC: 	 Adding directory /afs/cern.ch/user/l/lfrosina/public/DFinder/CMSSW_12_5_0/src/HeavyIonsAnalysis/Configuration/data to tarball
DEBUG 2024-01-27 11:48:33.232 UTC: 	 Adding directory /afs/cern.ch/user/l/lfrosina/public/DFinder/CMSSW_12_5_0/src/HeavyIonsAnalysis/Configuration/python to tarball
DEBUG 2024-01-27 11:48:33.237 UTC: 	 Adding directory /afs/cern.ch/user/l/lfrosina/public/DFinder/CMSSW_12_5_0/src/HeavyIonsAnalysis/EGMAnalysis/data to tarball
DEBUG 2024-01-27 11:48:33.238 UTC: 	 Adding directory /afs/cern.ch/user/l/lfrosina/public/DFinder/CMSSW_12_5_0/src/HeavyIonsAnalysis/EGMAnalysis/interface to tarball
DEBUG 2024-01-27 11:48:33.239 UTC: 	 Adding directory /afs/cern.ch/user/l/lfrosina/public/DFinder/CMSSW_12_5_0/src/HeavyIonsAnalysis/EGMAnalysis/python to tarball
DEBUG 2024-01-27 11:48:33.241 UTC: 	 Adding directory /afs/cern.ch/user/l/lfrosina/public/DFinder/CMSSW_12_5_0/src/HeavyIonsAnalysis/EventAnalysis/python to tarball
DEBUG 2024-01-27 11:48:33.247 UTC: 	 Adding directory /afs/cern.ch/user/l/lfrosina/public/DFinder/CMSSW_12_5_0/src/HeavyIonsAnalysis/JetAnalysis/interface to tarball
DEBUG 2024-01-27 11:48:33.248 UTC: 	 Adding directory /afs/cern.ch/user/l/lfrosina/public/DFinder/CMSSW_12_5_0/src/HeavyIonsAnalysis/JetAnalysis/python to tarball
DEBUG 2024-01-27 11:48:33.253 UTC: 	 Adding directory /afs/cern.ch/user/l/lfrosina/public/DFinder/CMSSW_12_5_0/src/HeavyIonsAnalysis/MuonAnalysis/interface to tarball
DEBUG 2024-01-27 11:48:33.254 UTC: 	 Adding directory /afs/cern.ch/user/l/lfrosina/public/DFinder/CMSSW_12_5_0/src/HeavyIonsAnalysis/MuonAnalysis/python to tarball
DEBUG 2024-01-27 11:48:33.255 UTC: 	 Adding directory /afs/cern.ch/user/l/lfrosina/public/DFinder/CMSSW_12_5_0/src/HeavyIonsAnalysis/TrackAnalysis/interface to tarball
DEBUG 2024-01-27 11:48:33.256 UTC: 	 Adding directory /afs/cern.ch/user/l/lfrosina/public/DFinder/CMSSW_12_5_0/src/HeavyIonsAnalysis/TrackAnalysis/python to tarball
DEBUG 2024-01-27 11:48:33.257 UTC: 	 Adding directory /afs/cern.ch/user/l/lfrosina/public/DFinder/CMSSW_12_5_0/src/HeavyIonsAnalysis/ZDCAnalysis/python to tarball
DEBUG 2024-01-27 11:48:33.260 UTC: 	 Adding directory /afs/cern.ch/user/l/lfrosina/public/DFinder/CMSSW_12_5_0/src/RecoHI/HiJetAlgos/interface to tarball
DEBUG 2024-01-27 11:48:33.263 UTC: 	 Adding directory /afs/cern.ch/user/l/lfrosina/public/DFinder/CMSSW_12_5_0/src/RecoHI/HiJetAlgos/python to tarball
DEBUG 2024-01-27 11:48:33.269 UTC: 	 Adding directory /afs/cern.ch/user/l/lfrosina/public/DFinder/CMSSW_12_5_0/src/RecoJets/JetProducers/data to tarball
DEBUG 2024-01-27 11:48:33.270 UTC: 	 Adding directory /afs/cern.ch/user/l/lfrosina/public/DFinder/CMSSW_12_5_0/src/RecoJets/JetProducers/interface to tarball
DEBUG 2024-01-27 11:48:33.274 UTC: 	 Adding directory /afs/cern.ch/user/l/lfrosina/public/DFinder/CMSSW_12_5_0/src/RecoJets/JetProducers/python to tarball
DEBUG 2024-01-27 11:48:33.300 UTC: 	 Adding directory /afs/cern.ch/user/l/lfrosina/public/DFinder/CMSSW_12_5_0/src/RecoJets/Configuration/python to tarball
DEBUG 2024-01-27 11:48:33.308 UTC: 	 Adding directory /afs/cern.ch/user/l/lfrosina/public/DFinder/CMSSW_12_5_0/src/RecoJets/FFTJetAlgorithms/interface to tarball
DEBUG 2024-01-27 11:48:33.312 UTC: 	 Adding directory /afs/cern.ch/user/l/lfrosina/public/DFinder/CMSSW_12_5_0/src/RecoJets/FFTJetProducers/interface to tarball
DEBUG 2024-01-27 11:48:33.313 UTC: 	 Adding directory /afs/cern.ch/user/l/lfrosina/public/DFinder/CMSSW_12_5_0/src/RecoJets/FFTJetProducers/python to tarball
DEBUG 2024-01-27 11:48:33.389 UTC: 	 Adding directory /afs/cern.ch/user/l/lfrosina/public/DFinder/CMSSW_12_5_0/src/RecoJets/JetAlgorithms/interface to tarball
DEBUG 2024-01-27 11:48:33.393 UTC: 	 Adding directory /afs/cern.ch/user/l/lfrosina/public/DFinder/CMSSW_12_5_0/src/RecoJets/JetAnalyzers/interface to tarball
DEBUG 2024-01-27 11:48:33.397 UTC: 	 Adding directory /afs/cern.ch/user/l/lfrosina/public/DFinder/CMSSW_12_5_0/src/RecoJets/JetAnalyzers/python to tarball
DEBUG 2024-01-27 11:48:33.400 UTC: 	 Adding directory /afs/cern.ch/user/l/lfrosina/public/DFinder/CMSSW_12_5_0/src/RecoJets/JetAssociationAlgorithms/interface to tarball
DEBUG 2024-01-27 11:48:33.402 UTC: 	 Adding directory /afs/cern.ch/user/l/lfrosina/public/DFinder/CMSSW_12_5_0/src/RecoJets/JetAssociationProducers/interface to tarball
DEBUG 2024-01-27 11:48:33.402 UTC: 	 Adding directory /afs/cern.ch/user/l/lfrosina/public/DFinder/CMSSW_12_5_0/src/RecoJets/JetAssociationProducers/python to tarball
DEBUG 2024-01-27 11:48:33.409 UTC: 	 Adding directory /afs/cern.ch/user/l/lfrosina/public/DFinder/CMSSW_12_5_0/src/RecoJets/JetPlusTracks/python to tarball
DEBUG 2024-01-27 11:48:33.416 UTC: 	 Adding directory /afs/cern.ch/user/l/lfrosina/public/DFinder/CMSSW_12_5_0/src/Bfinder/Bfinder/interface to tarball
DEBUG 2024-01-27 11:48:33.487 UTC: 	 Adding directory /afs/cern.ch/user/l/lfrosina/public/DFinder/CMSSW_12_5_0/src/Bfinder/finderMaker/python to tarball
DEBUG 2024-01-27 11:48:33.839 UTC: 	 Uploading archive /afs/cern.ch/user/l/lfrosina/public/DFinder/CMSSW_12_5_0/src/dfinder/crab_Run2_DATA_FullParticles_Aggregation/inputs/11f071e2-4edd-429f-be69-bca36f556d1adefault.tgz (4.245117.1 MB) to the CRAB cache. Using URI https://cmsweb.cern.ch/S3/crabcache_prod
DEBUG 2024-01-27 11:48:35.227 UTC: 	 Encoded data for curl request: subresource=upload&objecttype=sandbox&tarballname=de248e8695c0728b82e36a2551b04ce13e2fb6ec2e61d2af535bde7eadf2ad4c.tar.gz
DEBUG 2024-01-27 11:48:35.307 UTC: 	 Will execute:
curl -f -v -X POST  -H "User-Agent: CRAB" -F "key=lfrosina/sandboxes/de248e8695c0728b82e36a2551b04ce13e2fb6ec2e61d2af535bde7eadf2ad4c.tar.gz" -F "AWSAccessKeyId=ab00fcc889f248c495d2875f15a3badb" -F "policy=eyJleHBpcmF0aW9uIjogIjIwMjQtMDEtMjdUMTI6NDg6MzVaIiwgImNvbmRpdGlvbnMiOiBbeyJidWNrZXQiOiAiY3JhYmNhY2hlX3Byb2QifSwgeyJrZXkiOiAibGZyb3NpbmEvc2FuZGJveGVzL2RlMjQ4ZTg2OTVjMDcyOGI4MmUzNmEyNTUxYjA0Y2UxM2UyZmI2ZWMyZTYxZDJhZjUzNWJkZTdlYWRmMmFkNGMudGFyLmd6In1dfQ==" -F "signature=fyOzX2ydfHudbBMA3ztwB0tURHk=" -F "file=@/afs/cern.ch/user/l/lfrosina/public/DFinder/CMSSW_12_5_0/src/dfinder/crab_Run2_DATA_FullParticles_Aggregation/inputs/11f071e2-4edd-429f-be69-bca36f556d1adefault.tgz" "https://s3.cern.ch/crabcache_prod"
DEBUG 2024-01-27 11:48:36.418 UTC: 	 exitcode: 0
stdout: b''
DEBUG 2024-01-27 11:48:36.418 UTC: 	 sandbox /afs/cern.ch/user/l/lfrosina/public/DFinder/CMSSW_12_5_0/src/dfinder/crab_Run2_DATA_FullParticles_Aggregation/inputs/11f071e2-4edd-429f-be69-bca36f556d1adefault.tgz successully uploaded to S3
DEBUG 2024-01-27 11:48:36.418 UTC: 	 Loading required information from the environment
DEBUG 2024-01-27 11:48:36.418 UTC: 	 Found CMSSW_12_5_0 for slc7_amd64_gcc10 with base /afs/cern.ch/user/l/lfrosina/public/DFinder/CMSSW_12_5_0
DEBUG 2024-01-27 11:48:36.418 UTC: 	 Making tarball in /afs/cern.ch/user/l/lfrosina/public/DFinder/CMSSW_12_5_0/src/dfinder/crab_Run2_DATA_FullParticles_Aggregation/inputs/debugFiles.tgz
DEBUG 2024-01-27 11:48:36.426 UTC: 	 Uploading archive /afs/cern.ch/user/l/lfrosina/public/DFinder/CMSSW_12_5_0/src/dfinder/crab_Run2_DATA_FullParticles_Aggregation/inputs/debugFiles.tgz (4 KB) to the CRAB cache. Using URI https://cmsweb.cern.ch/S3/crabcache_prod
DEBUG 2024-01-27 11:48:36.429 UTC: 	 Encoded data for curl request: subresource=upload&objecttype=sandbox&tarballname=f47b356fee56e7bcaaf2571e67dff609b8ecddc4c63797f903df602f7ce89dcd.tar.gz
DEBUG 2024-01-27 11:48:36.472 UTC: 	 Will execute:
curl -f -v -X POST  -H "User-Agent: CRAB" -F "key=lfrosina/sandboxes/f47b356fee56e7bcaaf2571e67dff609b8ecddc4c63797f903df602f7ce89dcd.tar.gz" -F "AWSAccessKeyId=ab00fcc889f248c495d2875f15a3badb" -F "policy=eyJleHBpcmF0aW9uIjogIjIwMjQtMDEtMjdUMTI6NDg6MzZaIiwgImNvbmRpdGlvbnMiOiBbeyJidWNrZXQiOiAiY3JhYmNhY2hlX3Byb2QifSwgeyJrZXkiOiAibGZyb3NpbmEvc2FuZGJveGVzL2Y0N2IzNTZmZWU1NmU3YmNhYWYyNTcxZTY3ZGZmNjA5YjhlY2RkYzRjNjM3OTdmOTAzZGY2MDJmN2NlODlkY2QudGFyLmd6In1dfQ==" -F "signature=irj3rUjUJTAn5Knx2gdYwYgakKc=" -F "file=@/afs/cern.ch/user/l/lfrosina/public/DFinder/CMSSW_12_5_0/src/dfinder/crab_Run2_DATA_FullParticles_Aggregation/inputs/debugFiles.tgz" "https://s3.cern.ch/crabcache_prod"
DEBUG 2024-01-27 11:48:36.501 UTC: 	 exitcode: 0
stdout: b''
DEBUG 2024-01-27 11:48:36.501 UTC: 	 sandbox /afs/cern.ch/user/l/lfrosina/public/DFinder/CMSSW_12_5_0/src/dfinder/crab_Run2_DATA_FullParticles_Aggregation/inputs/debugFiles.tgz successully uploaded to S3
DEBUG 2024-01-27 11:48:36.501 UTC: 	 Result uploading input files: de248e8695c0728b82e36a2551b04ce13e2fb6ec2e61d2af535bde7eadf2ad4c.tar.gz 
INFO 2024-01-27 11:48:36.501 UTC: 	 Sending the request to the server at cmsweb.cern.ch
DEBUG 2024-01-27 11:48:36.501 UTC: 	 Submitting {'dryrun': 0, 'workflow': 'crab_Run2_DATA_FullParticles_Aggregation', 'saveoutput': 1, 'savelogsflag': 0, 'inputdata': '/HIHardProbes/HIRun2018A-PbPb18_MiniAODv1-v1/MINIAOD', 'primarydataset': '', 'nonvaliddata': 0, 'userfiles': [], 'dbsurl': 'https://cmsweb.cern.ch/dbs/prod/global/DBSReader', 'useparent': 0, 'ignorelocality': 0, 'splitalgo': 'EventAwareLumiBased', 'algoargs': 30000, 'totalunits': -1, 'lfn': '/store/user/lfrosina/Run2_dfinder_DATA_FullParticles_aggregation', 'publication': 0, 'publishdbsurl': 'https://cmsweb.cern.ch/dbs/prod/phys03/DBSWriter', 'publishname2': '', 'jobtype': 'Analysis', 'generator': 'pythia', 'addoutputfiles': [], 'maxjobruntime': 1250, 'numcores': 1, 'maxmemory': 5000, 'priority': 10, 'nonprodsw': 0, 'asyncdest': 'T2_IT_Rome', 'requireaccelerator': 0, 'oneEventMode': 0, 'extrajdl': [], 'ignoreglobalblacklist': 0, 'partialdataset': 0, 'inputblocks': [], 'tfileoutfiles': ['HiForestMiniAOD_FullParticles_DATA_Dfinder.root'], 'edmoutfiles': [], 'jobarch': 'slc7_amd64_gcc10', 'jobsw': 'CMSSW_12_5_0', 'cacheurl': 'https://cmsweb.cern.ch/S3/crabcache_prod', 'cachefilename': 'de248e8695c0728b82e36a2551b04ce13e2fb6ec2e61d2af535bde7eadf2ad4c.tar.gz', 'debugfilename': 'f47b356fee56e7bcaaf2571e67dff609b8ecddc4c63797f903df602f7ce89dcd.tar.gz'} 
DEBUG 2024-01-27 11:48:36.501 UTC: 	 Encoded data for curl request: dryrun=0&workflow=crab_Run2_DATA_FullParticles_Aggregation&saveoutput=1&savelogsflag=0&inputdata=%2FHIHardProbes%2FHIRun2018A-PbPb18_MiniAODv1-v1%2FMINIAOD&primarydataset=&nonvaliddata=0&dbsurl=https%3A%2F%2Fcmsweb.cern.ch%2Fdbs%2Fprod%2Fglobal%2FDBSReader&useparent=0&ignorelocality=0&splitalgo=EventAwareLumiBased&algoargs=30000&totalunits=-1&lfn=%2Fstore%2Fuser%2Flfrosina%2FRun2_dfinder_DATA_FullParticles_aggregation&publication=0&publishdbsurl=https%3A%2F%2Fcmsweb.cern.ch%2Fdbs%2Fprod%2Fphys03%2FDBSWriter&publishname2=&jobtype=Analysis&generator=pythia&maxjobruntime=1250&numcores=1&maxmemory=5000&priority=10&nonprodsw=0&asyncdest=T2_IT_Rome&requireaccelerator=0&oneEventMode=0&ignoreglobalblacklist=0&partialdataset=0&jobarch=slc7_amd64_gcc10&jobsw=CMSSW_12_5_0&cacheurl=https%3A%2F%2Fcmsweb.cern.ch%2FS3%2Fcrabcache_prod&cachefilename=de248e8695c0728b82e36a2551b04ce13e2fb6ec2e61d2af535bde7eadf2ad4c.tar.gz&debugfilename=f47b356fee56e7bcaaf2571e67dff609b8ecddc4c63797f903df602f7ce89dcd.tar.gz&tfileoutfiles=HiForestMiniAOD_FullParticles_DATA_Dfinder.root
DEBUG 2024-01-27 11:48:36.568 UTC: 	 Result: {'result': [{'RequestName': '240127_114836:lfrosina_crab_Run2_DATA_FullParticles_Aggregation'}]}
INFO 2024-01-27 11:48:36.570 UTC: 	 Success: Your task has been delivered to the prod CRAB3 server.
INFO 2024-01-27 11:48:36.570 UTC: 	 Task name: 240127_114836:lfrosina_crab_Run2_DATA_FullParticles_Aggregation
INFO 2024-01-27 11:48:36.570 UTC: 	 Project dir: ./crab_Run2_DATA_FullParticles_Aggregation
INFO 2024-01-27 11:48:36.570 UTC: 	 Please use ' crab status -d ./crab_Run2_DATA_FullParticles_Aggregation ' to check how the submission process proceeds.
DEBUG 2024-01-27 11:48:36.570 UTC: 	 About to return
INFO 2024-01-27 11:48:36.573 UTC: 	 Log file is /afs/cern.ch/user/l/lfrosina/public/DFinder/CMSSW_12_5_0/src/dfinder/crab_Run2_DATA_FullParticles_Aggregation/crab.log
