

[31m~*~ CENTRALITY TABLE FOR 2018 PBPB DATA ~*~[0m
[36m~*~ TAG: CentralityTable_HFtowers200_DataPbPb_periHYDJETshape_run2v1033p1x01_offline ~*~[0m


DEBUG 2024-01-23 18:15:20.300 UTC: 	 CRAB Client version: v3.231101
DEBUG 2024-01-23 18:15:20.300 UTC: 	 Running on: Linux lxplus791.cern.ch 3.10.0-1160.102.1.el7.x86_64 #1 SMP Tue Oct 17 15:42:21 UTC 2023 x86_64 x86_64 x86_64 GNU/Linux - CentOS Linux 7 (Core)
DEBUG 2024-01-23 18:15:20.300 UTC: 	 Executing command: 'submit'
DEBUG 2024-01-23 18:15:20.300 UTC: 	 Found CRAB cache file /afs/cern.ch/user/l/lfrosina/.crab3
INFO 2024-01-23 18:15:20.301 UTC: 	 Will use CRAB configuration file submit_crab_data.py
DEBUG 2024-01-23 18:15:20.301 UTC: 	 Loading CRAB configuration file.
DEBUG 2024-01-23 18:15:20.302 UTC: 	 Will use CRAB Analysis plugin (i.e. will run an analysis job type).
DEBUG 2024-01-23 18:15:20.310 UTC: 	 Checking credentials
DEBUG 2024-01-23 18:15:20.310 UTC: 	 Found proxy file /tmp/x509up_u167428
DEBUG 2024-01-23 18:15:20.310 UTC: 	 Making sure it has proper VOMS extension
DEBUG 2024-01-23 18:15:20.310 UTC: 	 Executing command :
 voms-proxy-info --vo --file /tmp/x509up_u167428
DEBUG 2024-01-23 18:15:20.767 UTC: 	 output : cms

 error: 
 retcode : 0
DEBUG 2024-01-23 18:15:20.767 UTC: 	 Getting proxy life time left
DEBUG 2024-01-23 18:15:20.767 UTC: 	 Executing command :
 voms-proxy-info --actimeleft --timeleft --file /tmp/x509up_u167428
DEBUG 2024-01-23 18:15:21.251 UTC: 	 output : 25390
25389

 error: 
 retcode : 0
DEBUG 2024-01-23 18:15:21.251 UTC: 	 Proxy valid for 07:03:09 hours
DEBUG 2024-01-23 18:15:21.251 UTC: 	 Encoded data for curl request: subresource=delegatedn
DEBUG 2024-01-23 18:15:21.294 UTC: 	 Registering user credentials on myproxy for /DC=ch/DC=cern/OU=computers/CN=crab-(preprod|prod|dev)-tw(01|02|03).cern.ch|/DC=ch/DC=cern/OU=computers/CN=stefanov(m|m2).cern.ch|/DC=ch/DC=cern/OU=computers/CN=dciangot-tw.cern.ch
DEBUG 2024-01-23 18:15:21.294 UTC: 	 Executing command :
 voms-proxy-info --identity --file /tmp/x509up_u167428
DEBUG 2024-01-23 18:15:21.708 UTC: 	 output : /DC=ch/DC=cern/OU=Organic Units/OU=Users/CN=lfrosina/CN=873805/CN=Lorenzo Frosina

 error: 
 retcode : 0
DEBUG 2024-01-23 18:15:21.708 UTC: 	 Getting myproxy life time left for 2283c1c99b6cf631e0ccc1abd189566f931bf34e
DEBUG 2024-01-23 18:15:21.708 UTC: 	 Executing command :
 myproxy-info -s myproxy.cern.ch -l 2283c1c99b6cf631e0ccc1abd189566f931bf34e
DEBUG 2024-01-23 18:15:22.045 UTC: 	 output : username: 2283c1c99b6cf631e0ccc1abd189566f931bf34e
owner: /DC=ch/DC=cern/OU=Organic Units/OU=Users/CN=lfrosina/CN=873805/CN=Lorenzo Frosina
  renewal policy: /DC=ch/DC=cern/OU=computers/CN=crab-(preprod|prod|dev)-tw(01|02|03).cern.ch|/DC=ch/DC=cern/OU=computers/CN=stefanov(m|m2).cern.ch|/DC=ch/DC=cern/OU=computers/CN=dciangot-tw.cern.ch
  trusted retrieval policy: /DC=ch/DC=cern/OU=computers/CN=crab-(preprod|prod|dev)-tw(01|02|03).cern.ch|/DC=ch/DC=cern/OU=computers/CN=stefanov(m|m2).cern.ch|/DC=ch/DC=cern/OU=computers/CN=dciangot-tw.cern.ch
  timeleft: 719:57:15  (30.0 days)

 error: 
 retcode : 0
DEBUG 2024-01-23 18:15:22.045 UTC: 	 Myproxy is valid: 2591820
DEBUG 2024-01-23 18:15:22.045 UTC: 	 Result of myproxy credential check:
  Credential exists on myproxy: username: 2283c1c99b6cf631e0ccc1abd189566f931bf34e  - validity: 29 days, 23:57:00
DEBUG 2024-01-23 18:15:22.045 UTC: 	 Command use: submit
DEBUG 2024-01-23 18:15:22.045 UTC: 	 Options use: ['submit_crab_data.py']
DEBUG 2024-01-23 18:15:22.046 UTC: 	 Encoded data for curl request: subresource=version
DEBUG 2024-01-23 18:15:22.086 UTC: 	 CRABClient version: v3.231101
DEBUG 2024-01-23 18:15:22.086 UTC: 	 Instance is prod
DEBUG 2024-01-23 18:15:22.086 UTC: 	 Server base url is cmsweb.cern.ch
DEBUG 2024-01-23 18:15:22.086 UTC: 	 Command api workflow
DEBUG 2024-01-23 18:15:22.086 UTC: 	 Started submission
DEBUG 2024-01-23 18:15:22.086 UTC: 	 Working on /afs/cern.ch/user/l/lfrosina/public/DFinder/CMSSW_12_5_0/src/dfinder/crab_Run2_DATA_SD_OnlyCharged_ParticlePtCut1Gev_Aggregation
DEBUG 2024-01-23 18:15:22.086 UTC: 	 Encoded data for curl request: subresource=backendurls
DEBUG 2024-01-23 18:15:22.194 UTC: 	 Loading required information from the environment
DEBUG 2024-01-23 18:15:22.194 UTC: 	 Found CMSSW_12_5_0 for slc7_amd64_gcc10 with base /afs/cern.ch/user/l/lfrosina/public/DFinder/CMSSW_12_5_0
DEBUG 2024-01-23 18:15:22.194 UTC: 	 Loading required information from the environment
DEBUG 2024-01-23 18:15:22.194 UTC: 	 Found CMSSW_12_5_0 for slc7_amd64_gcc10 with base /afs/cern.ch/user/l/lfrosina/public/DFinder/CMSSW_12_5_0
DEBUG 2024-01-23 18:15:22.194 UTC: 	 UNIQUE NAME: tarUUID 46073f46-1ef5-4254-a3bb-4ccfdd21b11c 
DEBUG 2024-01-23 18:15:22.194 UTC: 	 self.config: from WMCore.Configuration import Configuration
config = Configuration()
config.section_('General')
config.General.requestName = 'Run2_DATA_SD_OnlyCharged_ParticlePtCut1Gev_Aggregation'
config.General.transferOutputs = True
config.section_('JobType')
config.JobType.outputFiles = ['HiForestMiniAOD_OnlyCharged_DATA_latekt_ParticleJetCut1Gev.root']
config.JobType.maxMemoryMB = 5000
config.JobType.psetName = 'forest_miniAOD_run2_DATA_wDfinder.py'
config.JobType.pluginName = 'Analysis'
config.section_('Data')
config.Data.splitting = 'EventAwareLumiBased'
config.Data.totalUnits = -1
config.Data.publication = False
config.Data.inputDataset = '/HIHardProbes/HIRun2018A-PbPb18_MiniAODv1-v1/MINIAOD'
config.Data.outLFNDirBase = '/store/user/lfrosina/Run2_dfinder_DATA_SD_OnlyCharged_ParticlePtCut1Gev_aggregation'
config.Data.unitsPerJob = 30000
config.section_('Site')
config.Site.storageSite = 'T2_IT_Rome'
config.section_('User')
config.section_('Debug')

DEBUG 2024-01-23 18:15:22.194 UTC: 	 self.config.JobType.psetName: forest_miniAOD_run2_DATA_wDfinder.py
INFO 2024-01-23 18:15:22.194 UTC: 	 Importing CMSSW configuration forest_miniAOD_run2_DATA_wDfinder.py
INFO 2024-01-23 18:15:24.695 UTC: 	 Finished importing CMSSW configuration forest_miniAOD_run2_DATA_wDfinder.py
DEBUG 2024-01-23 18:15:24.695 UTC: 	 Writing CMSSW configuration to /afs/cern.ch/user/l/lfrosina/public/DFinder/CMSSW_12_5_0/src/dfinder/crab_Run2_DATA_SD_OnlyCharged_ParticlePtCut1Gev_Aggregation/inputs/PSet.py
DEBUG 2024-01-23 18:15:24.903 UTC: 	 The following EDM output files will be collected: []
DEBUG 2024-01-23 18:15:24.903 UTC: 	 The following TFile output files will be collected: ['HiForestMiniAOD_OnlyCharged_DATA_latekt_ParticleJetCut1Gev.root']
DEBUG 2024-01-23 18:15:24.903 UTC: 	 The following user output files (not listed as PoolOuputModule or TFileService in the CMSSW PSet) will be collected: 
DEBUG 2024-01-23 18:15:24.903 UTC: 	 Loading required information from the environment
DEBUG 2024-01-23 18:15:24.903 UTC: 	 Found CMSSW_12_5_0 for slc7_amd64_gcc10 with base /afs/cern.ch/user/l/lfrosina/public/DFinder/CMSSW_12_5_0
DEBUG 2024-01-23 18:15:24.904 UTC: 	 Making tarball in /afs/cern.ch/user/l/lfrosina/public/DFinder/CMSSW_12_5_0/src/dfinder/crab_Run2_DATA_SD_OnlyCharged_ParticlePtCut1Gev_Aggregation/inputs/46073f46-1ef5-4254-a3bb-4ccfdd21b11cdefault.tgz
DEBUG 2024-01-23 18:15:24.905 UTC: 	 Checking directory /afs/cern.ch/user/l/lfrosina/public/DFinder/CMSSW_12_5_0/bin
DEBUG 2024-01-23 18:15:24.905 UTC: 	 Adding directory /afs/cern.ch/user/l/lfrosina/public/DFinder/CMSSW_12_5_0/bin to tarball
DEBUG 2024-01-23 18:15:24.910 UTC: 	 Checking directory /afs/cern.ch/user/l/lfrosina/public/DFinder/CMSSW_12_5_0/python
DEBUG 2024-01-23 18:15:24.910 UTC: 	 Adding directory /afs/cern.ch/user/l/lfrosina/public/DFinder/CMSSW_12_5_0/python to tarball
DEBUG 2024-01-23 18:15:24.986 UTC: 	 Checking directory /afs/cern.ch/user/l/lfrosina/public/DFinder/CMSSW_12_5_0/cfipython
DEBUG 2024-01-23 18:15:24.987 UTC: 	 Adding directory /afs/cern.ch/user/l/lfrosina/public/DFinder/CMSSW_12_5_0/cfipython to tarball
DEBUG 2024-01-23 18:15:25.024 UTC: 	 Checking directory /afs/cern.ch/user/l/lfrosina/public/DFinder/CMSSW_12_5_0/lib
DEBUG 2024-01-23 18:15:25.024 UTC: 	 Adding directory /afs/cern.ch/user/l/lfrosina/public/DFinder/CMSSW_12_5_0/lib to tarball
DEBUG 2024-01-23 18:15:26.192 UTC: 	 Checking directory /afs/cern.ch/user/l/lfrosina/public/DFinder/CMSSW_12_5_0/biglib
DEBUG 2024-01-23 18:15:26.192 UTC: 	 Adding directory /afs/cern.ch/user/l/lfrosina/public/DFinder/CMSSW_12_5_0/biglib to tarball
DEBUG 2024-01-23 18:15:26.193 UTC: 	 Checking directory /afs/cern.ch/user/l/lfrosina/public/DFinder/CMSSW_12_5_0/module
DEBUG 2024-01-23 18:15:26.193 UTC: 	 Checking directory /afs/cern.ch/user/l/lfrosina/public/DFinder/CMSSW_12_5_0/config/SCRAM/hooks
DEBUG 2024-01-23 18:15:26.193 UTC: 	 Adding directory /afs/cern.ch/user/l/lfrosina/public/DFinder/CMSSW_12_5_0/config/SCRAM/hooks to tarball
DEBUG 2024-01-23 18:15:26.218 UTC: 	 Adding directory /afs/cern.ch/user/l/lfrosina/public/DFinder/CMSSW_12_5_0/src/HeavyIonsAnalysis/Configuration/data to tarball
DEBUG 2024-01-23 18:15:26.220 UTC: 	 Adding directory /afs/cern.ch/user/l/lfrosina/public/DFinder/CMSSW_12_5_0/src/HeavyIonsAnalysis/Configuration/python to tarball
DEBUG 2024-01-23 18:15:26.225 UTC: 	 Adding directory /afs/cern.ch/user/l/lfrosina/public/DFinder/CMSSW_12_5_0/src/HeavyIonsAnalysis/EGMAnalysis/data to tarball
DEBUG 2024-01-23 18:15:26.226 UTC: 	 Adding directory /afs/cern.ch/user/l/lfrosina/public/DFinder/CMSSW_12_5_0/src/HeavyIonsAnalysis/EGMAnalysis/interface to tarball
DEBUG 2024-01-23 18:15:26.227 UTC: 	 Adding directory /afs/cern.ch/user/l/lfrosina/public/DFinder/CMSSW_12_5_0/src/HeavyIonsAnalysis/EGMAnalysis/python to tarball
DEBUG 2024-01-23 18:15:26.229 UTC: 	 Adding directory /afs/cern.ch/user/l/lfrosina/public/DFinder/CMSSW_12_5_0/src/HeavyIonsAnalysis/EventAnalysis/python to tarball
DEBUG 2024-01-23 18:15:26.236 UTC: 	 Adding directory /afs/cern.ch/user/l/lfrosina/public/DFinder/CMSSW_12_5_0/src/HeavyIonsAnalysis/JetAnalysis/interface to tarball
DEBUG 2024-01-23 18:15:26.237 UTC: 	 Adding directory /afs/cern.ch/user/l/lfrosina/public/DFinder/CMSSW_12_5_0/src/HeavyIonsAnalysis/JetAnalysis/python to tarball
DEBUG 2024-01-23 18:15:26.241 UTC: 	 Adding directory /afs/cern.ch/user/l/lfrosina/public/DFinder/CMSSW_12_5_0/src/HeavyIonsAnalysis/MuonAnalysis/interface to tarball
DEBUG 2024-01-23 18:15:26.242 UTC: 	 Adding directory /afs/cern.ch/user/l/lfrosina/public/DFinder/CMSSW_12_5_0/src/HeavyIonsAnalysis/MuonAnalysis/python to tarball
DEBUG 2024-01-23 18:15:26.243 UTC: 	 Adding directory /afs/cern.ch/user/l/lfrosina/public/DFinder/CMSSW_12_5_0/src/HeavyIonsAnalysis/TrackAnalysis/interface to tarball
DEBUG 2024-01-23 18:15:26.244 UTC: 	 Adding directory /afs/cern.ch/user/l/lfrosina/public/DFinder/CMSSW_12_5_0/src/HeavyIonsAnalysis/TrackAnalysis/python to tarball
DEBUG 2024-01-23 18:15:26.245 UTC: 	 Adding directory /afs/cern.ch/user/l/lfrosina/public/DFinder/CMSSW_12_5_0/src/HeavyIonsAnalysis/ZDCAnalysis/python to tarball
DEBUG 2024-01-23 18:15:26.249 UTC: 	 Adding directory /afs/cern.ch/user/l/lfrosina/public/DFinder/CMSSW_12_5_0/src/RecoHI/HiJetAlgos/interface to tarball
DEBUG 2024-01-23 18:15:26.251 UTC: 	 Adding directory /afs/cern.ch/user/l/lfrosina/public/DFinder/CMSSW_12_5_0/src/RecoHI/HiJetAlgos/python to tarball
DEBUG 2024-01-23 18:15:26.258 UTC: 	 Adding directory /afs/cern.ch/user/l/lfrosina/public/DFinder/CMSSW_12_5_0/src/RecoJets/JetProducers/data to tarball
DEBUG 2024-01-23 18:15:26.259 UTC: 	 Adding directory /afs/cern.ch/user/l/lfrosina/public/DFinder/CMSSW_12_5_0/src/RecoJets/JetProducers/interface to tarball
DEBUG 2024-01-23 18:15:26.263 UTC: 	 Adding directory /afs/cern.ch/user/l/lfrosina/public/DFinder/CMSSW_12_5_0/src/RecoJets/JetProducers/python to tarball
DEBUG 2024-01-23 18:15:26.290 UTC: 	 Adding directory /afs/cern.ch/user/l/lfrosina/public/DFinder/CMSSW_12_5_0/src/RecoJets/Configuration/python to tarball
DEBUG 2024-01-23 18:15:26.297 UTC: 	 Adding directory /afs/cern.ch/user/l/lfrosina/public/DFinder/CMSSW_12_5_0/src/RecoJets/FFTJetAlgorithms/interface to tarball
DEBUG 2024-01-23 18:15:26.303 UTC: 	 Adding directory /afs/cern.ch/user/l/lfrosina/public/DFinder/CMSSW_12_5_0/src/RecoJets/FFTJetProducers/interface to tarball
DEBUG 2024-01-23 18:15:26.304 UTC: 	 Adding directory /afs/cern.ch/user/l/lfrosina/public/DFinder/CMSSW_12_5_0/src/RecoJets/FFTJetProducers/python to tarball
DEBUG 2024-01-23 18:15:26.381 UTC: 	 Adding directory /afs/cern.ch/user/l/lfrosina/public/DFinder/CMSSW_12_5_0/src/RecoJets/JetAlgorithms/interface to tarball
DEBUG 2024-01-23 18:15:26.385 UTC: 	 Adding directory /afs/cern.ch/user/l/lfrosina/public/DFinder/CMSSW_12_5_0/src/RecoJets/JetAnalyzers/interface to tarball
DEBUG 2024-01-23 18:15:26.388 UTC: 	 Adding directory /afs/cern.ch/user/l/lfrosina/public/DFinder/CMSSW_12_5_0/src/RecoJets/JetAnalyzers/python to tarball
DEBUG 2024-01-23 18:15:26.392 UTC: 	 Adding directory /afs/cern.ch/user/l/lfrosina/public/DFinder/CMSSW_12_5_0/src/RecoJets/JetAssociationAlgorithms/interface to tarball
DEBUG 2024-01-23 18:15:26.394 UTC: 	 Adding directory /afs/cern.ch/user/l/lfrosina/public/DFinder/CMSSW_12_5_0/src/RecoJets/JetAssociationProducers/interface to tarball
DEBUG 2024-01-23 18:15:26.395 UTC: 	 Adding directory /afs/cern.ch/user/l/lfrosina/public/DFinder/CMSSW_12_5_0/src/RecoJets/JetAssociationProducers/python to tarball
DEBUG 2024-01-23 18:15:26.402 UTC: 	 Adding directory /afs/cern.ch/user/l/lfrosina/public/DFinder/CMSSW_12_5_0/src/RecoJets/JetPlusTracks/python to tarball
DEBUG 2024-01-23 18:15:26.464 UTC: 	 Adding directory /afs/cern.ch/user/l/lfrosina/public/DFinder/CMSSW_12_5_0/src/Bfinder/Bfinder/interface to tarball
DEBUG 2024-01-23 18:15:26.559 UTC: 	 Adding directory /afs/cern.ch/user/l/lfrosina/public/DFinder/CMSSW_12_5_0/src/Bfinder/finderMaker/python to tarball
DEBUG 2024-01-23 18:15:27.056 UTC: 	 Uploading archive /afs/cern.ch/user/l/lfrosina/public/DFinder/CMSSW_12_5_0/src/dfinder/crab_Run2_DATA_SD_OnlyCharged_ParticlePtCut1Gev_Aggregation/inputs/46073f46-1ef5-4254-a3bb-4ccfdd21b11cdefault.tgz (4.232422.1 MB) to the CRAB cache. Using URI https://cmsweb.cern.ch/S3/crabcache_prod
DEBUG 2024-01-23 18:15:28.317 UTC: 	 Encoded data for curl request: subresource=upload&objecttype=sandbox&tarballname=b835a74de63eb55f13df361462e95e160297b8c414a34448b5265f6945742753.tar.gz
DEBUG 2024-01-23 18:15:28.417 UTC: 	 sandbox b835a74de63eb55f13df361462e95e160297b8c414a34448b5265f6945742753.tar.gz is already in the S3 store, will not upload again
DEBUG 2024-01-23 18:15:28.417 UTC: 	 Loading required information from the environment
DEBUG 2024-01-23 18:15:28.417 UTC: 	 Found CMSSW_12_5_0 for slc7_amd64_gcc10 with base /afs/cern.ch/user/l/lfrosina/public/DFinder/CMSSW_12_5_0
DEBUG 2024-01-23 18:15:28.417 UTC: 	 Making tarball in /afs/cern.ch/user/l/lfrosina/public/DFinder/CMSSW_12_5_0/src/dfinder/crab_Run2_DATA_SD_OnlyCharged_ParticlePtCut1Gev_Aggregation/inputs/debugFiles.tgz
DEBUG 2024-01-23 18:15:28.427 UTC: 	 Uploading archive /afs/cern.ch/user/l/lfrosina/public/DFinder/CMSSW_12_5_0/src/dfinder/crab_Run2_DATA_SD_OnlyCharged_ParticlePtCut1Gev_Aggregation/inputs/debugFiles.tgz (4 KB) to the CRAB cache. Using URI https://cmsweb.cern.ch/S3/crabcache_prod
DEBUG 2024-01-23 18:15:28.429 UTC: 	 Encoded data for curl request: subresource=upload&objecttype=sandbox&tarballname=52fa5ef4d4f96b793e8ce6e062dce4163081c0e7586e9d6a1368033916e1100f.tar.gz
DEBUG 2024-01-23 18:15:28.483 UTC: 	 Will execute:
curl -f -v -X POST  -H "User-Agent: CRAB" -F "key=lfrosina/sandboxes/52fa5ef4d4f96b793e8ce6e062dce4163081c0e7586e9d6a1368033916e1100f.tar.gz" -F "AWSAccessKeyId=ab00fcc889f248c495d2875f15a3badb" -F "policy=eyJleHBpcmF0aW9uIjogIjIwMjQtMDEtMjNUMTk6MTU6MjhaIiwgImNvbmRpdGlvbnMiOiBbeyJidWNrZXQiOiAiY3JhYmNhY2hlX3Byb2QifSwgeyJrZXkiOiAibGZyb3NpbmEvc2FuZGJveGVzLzUyZmE1ZWY0ZDRmOTZiNzkzZThjZTZlMDYyZGNlNDE2MzA4MWMwZTc1ODZlOWQ2YTEzNjgwMzM5MTZlMTEwMGYudGFyLmd6In1dfQ==" -F "signature=q+r+CdCAH6kdovbKWqM4ZPQGUaY=" -F "file=@/afs/cern.ch/user/l/lfrosina/public/DFinder/CMSSW_12_5_0/src/dfinder/crab_Run2_DATA_SD_OnlyCharged_ParticlePtCut1Gev_Aggregation/inputs/debugFiles.tgz" "https://s3.cern.ch/crabcache_prod"
DEBUG 2024-01-23 18:15:28.538 UTC: 	 exitcode: 0
stdout: b''
DEBUG 2024-01-23 18:15:28.538 UTC: 	 sandbox /afs/cern.ch/user/l/lfrosina/public/DFinder/CMSSW_12_5_0/src/dfinder/crab_Run2_DATA_SD_OnlyCharged_ParticlePtCut1Gev_Aggregation/inputs/debugFiles.tgz successully uploaded to S3
DEBUG 2024-01-23 18:15:28.538 UTC: 	 Result uploading input files: b835a74de63eb55f13df361462e95e160297b8c414a34448b5265f6945742753.tar.gz 
INFO 2024-01-23 18:15:28.538 UTC: 	 Sending the request to the server at cmsweb.cern.ch
DEBUG 2024-01-23 18:15:28.538 UTC: 	 Submitting {'dryrun': 0, 'workflow': 'crab_Run2_DATA_SD_OnlyCharged_ParticlePtCut1Gev_Aggregation', 'saveoutput': 1, 'savelogsflag': 0, 'inputdata': '/HIHardProbes/HIRun2018A-PbPb18_MiniAODv1-v1/MINIAOD', 'primarydataset': '', 'nonvaliddata': 0, 'userfiles': [], 'dbsurl': 'https://cmsweb.cern.ch/dbs/prod/global/DBSReader', 'useparent': 0, 'ignorelocality': 0, 'splitalgo': 'EventAwareLumiBased', 'algoargs': 30000, 'totalunits': -1, 'lfn': '/store/user/lfrosina/Run2_dfinder_DATA_SD_OnlyCharged_ParticlePtCut1Gev_aggregation', 'publication': 0, 'publishdbsurl': 'https://cmsweb.cern.ch/dbs/prod/phys03/DBSWriter', 'publishname2': '', 'jobtype': 'Analysis', 'generator': 'pythia', 'addoutputfiles': [], 'maxjobruntime': 1250, 'numcores': 1, 'maxmemory': 5000, 'priority': 10, 'nonprodsw': 0, 'asyncdest': 'T2_IT_Rome', 'requireaccelerator': 0, 'oneEventMode': 0, 'extrajdl': [], 'ignoreglobalblacklist': 0, 'partialdataset': 0, 'inputblocks': [], 'tfileoutfiles': ['HiForestMiniAOD_OnlyCharged_DATA_latekt_ParticleJetCut1Gev.root'], 'edmoutfiles': [], 'jobarch': 'slc7_amd64_gcc10', 'jobsw': 'CMSSW_12_5_0', 'cacheurl': 'https://cmsweb.cern.ch/S3/crabcache_prod', 'cachefilename': 'b835a74de63eb55f13df361462e95e160297b8c414a34448b5265f6945742753.tar.gz', 'debugfilename': '52fa5ef4d4f96b793e8ce6e062dce4163081c0e7586e9d6a1368033916e1100f.tar.gz'} 
DEBUG 2024-01-23 18:15:28.539 UTC: 	 Encoded data for curl request: dryrun=0&workflow=crab_Run2_DATA_SD_OnlyCharged_ParticlePtCut1Gev_Aggregation&saveoutput=1&savelogsflag=0&inputdata=%2FHIHardProbes%2FHIRun2018A-PbPb18_MiniAODv1-v1%2FMINIAOD&primarydataset=&nonvaliddata=0&dbsurl=https%3A%2F%2Fcmsweb.cern.ch%2Fdbs%2Fprod%2Fglobal%2FDBSReader&useparent=0&ignorelocality=0&splitalgo=EventAwareLumiBased&algoargs=30000&totalunits=-1&lfn=%2Fstore%2Fuser%2Flfrosina%2FRun2_dfinder_DATA_SD_OnlyCharged_ParticlePtCut1Gev_aggregation&publication=0&publishdbsurl=https%3A%2F%2Fcmsweb.cern.ch%2Fdbs%2Fprod%2Fphys03%2FDBSWriter&publishname2=&jobtype=Analysis&generator=pythia&maxjobruntime=1250&numcores=1&maxmemory=5000&priority=10&nonprodsw=0&asyncdest=T2_IT_Rome&requireaccelerator=0&oneEventMode=0&ignoreglobalblacklist=0&partialdataset=0&jobarch=slc7_amd64_gcc10&jobsw=CMSSW_12_5_0&cacheurl=https%3A%2F%2Fcmsweb.cern.ch%2FS3%2Fcrabcache_prod&cachefilename=b835a74de63eb55f13df361462e95e160297b8c414a34448b5265f6945742753.tar.gz&debugfilename=52fa5ef4d4f96b793e8ce6e062dce4163081c0e7586e9d6a1368033916e1100f.tar.gz&tfileoutfiles=HiForestMiniAOD_OnlyCharged_DATA_latekt_ParticleJetCut1Gev.root
DEBUG 2024-01-23 18:15:28.923 UTC: 	 Result: {'result': [{'RequestName': '240123_181528:lfrosina_crab_Run2_DATA_SD_OnlyCharged_ParticlePtCut1Gev_Aggregation'}]}
INFO 2024-01-23 18:15:28.928 UTC: 	 Success: Your task has been delivered to the prod CRAB3 server.
INFO 2024-01-23 18:15:28.928 UTC: 	 Task name: 240123_181528:lfrosina_crab_Run2_DATA_SD_OnlyCharged_ParticlePtCut1Gev_Aggregation
INFO 2024-01-23 18:15:28.929 UTC: 	 Project dir: ./crab_Run2_DATA_SD_OnlyCharged_ParticlePtCut1Gev_Aggregation
INFO 2024-01-23 18:15:28.929 UTC: 	 Please use ' crab status -d ./crab_Run2_DATA_SD_OnlyCharged_ParticlePtCut1Gev_Aggregation ' to check how the submission process proceeds.
DEBUG 2024-01-23 18:15:28.929 UTC: 	 About to return
INFO 2024-01-23 18:15:28.932 UTC: 	 Log file is /afs/cern.ch/user/l/lfrosina/public/DFinder/CMSSW_12_5_0/src/dfinder/crab_Run2_DATA_SD_OnlyCharged_ParticlePtCut1Gev_Aggregation/crab.log
DEBUG 2024-01-23 18:15:52.062 UTC: 	 CRAB Client version: v3.231101
DEBUG 2024-01-23 18:15:52.062 UTC: 	 Running on: Linux lxplus791.cern.ch 3.10.0-1160.102.1.el7.x86_64 #1 SMP Tue Oct 17 15:42:21 UTC 2023 x86_64 x86_64 x86_64 GNU/Linux - CentOS Linux 7 (Core)
DEBUG 2024-01-23 18:15:52.062 UTC: 	 Executing command: 'status'
DEBUG 2024-01-23 18:15:52.062 UTC: 	 Found CRAB cache file /afs/cern.ch/user/l/lfrosina/.crab3
DEBUG 2024-01-23 18:15:52.066 UTC: 	 Checking credentials
DEBUG 2024-01-23 18:15:52.067 UTC: 	 Found proxy file /tmp/x509up_u167428
DEBUG 2024-01-23 18:15:52.067 UTC: 	 Making sure it has proper VOMS extension
DEBUG 2024-01-23 18:15:52.067 UTC: 	 Executing command :
 voms-proxy-info --vo --file /tmp/x509up_u167428
DEBUG 2024-01-23 18:15:52.471 UTC: 	 output : cms

 error: 
 retcode : 0
DEBUG 2024-01-23 18:15:52.471 UTC: 	 Getting proxy life time left
DEBUG 2024-01-23 18:15:52.471 UTC: 	 Executing command :
 voms-proxy-info --actimeleft --timeleft --file /tmp/x509up_u167428
DEBUG 2024-01-23 18:15:52.839 UTC: 	 output : 25359
25358

 error: 
 retcode : 0
DEBUG 2024-01-23 18:15:52.839 UTC: 	 Proxy valid for 07:02:38 hours
DEBUG 2024-01-23 18:15:52.839 UTC: 	 Encoded data for curl request: subresource=delegatedn
DEBUG 2024-01-23 18:15:52.879 UTC: 	 Registering user credentials on myproxy for /DC=ch/DC=cern/OU=computers/CN=crab-(preprod|prod|dev)-tw(01|02|03).cern.ch|/DC=ch/DC=cern/OU=computers/CN=stefanov(m|m2).cern.ch|/DC=ch/DC=cern/OU=computers/CN=dciangot-tw.cern.ch
DEBUG 2024-01-23 18:15:52.879 UTC: 	 Executing command :
 voms-proxy-info --identity --file /tmp/x509up_u167428
DEBUG 2024-01-23 18:15:53.253 UTC: 	 output : /DC=ch/DC=cern/OU=Organic Units/OU=Users/CN=lfrosina/CN=873805/CN=Lorenzo Frosina

 error: 
 retcode : 0
DEBUG 2024-01-23 18:15:53.253 UTC: 	 Getting myproxy life time left for 2283c1c99b6cf631e0ccc1abd189566f931bf34e
DEBUG 2024-01-23 18:15:53.253 UTC: 	 Executing command :
 myproxy-info -s myproxy.cern.ch -l 2283c1c99b6cf631e0ccc1abd189566f931bf34e
DEBUG 2024-01-23 18:15:53.525 UTC: 	 output : username: 2283c1c99b6cf631e0ccc1abd189566f931bf34e
owner: /DC=ch/DC=cern/OU=Organic Units/OU=Users/CN=lfrosina/CN=873805/CN=Lorenzo Frosina
  renewal policy: /DC=ch/DC=cern/OU=computers/CN=crab-(preprod|prod|dev)-tw(01|02|03).cern.ch|/DC=ch/DC=cern/OU=computers/CN=stefanov(m|m2).cern.ch|/DC=ch/DC=cern/OU=computers/CN=dciangot-tw.cern.ch
  trusted retrieval policy: /DC=ch/DC=cern/OU=computers/CN=crab-(preprod|prod|dev)-tw(01|02|03).cern.ch|/DC=ch/DC=cern/OU=computers/CN=stefanov(m|m2).cern.ch|/DC=ch/DC=cern/OU=computers/CN=dciangot-tw.cern.ch
  timeleft: 719:56:44  (30.0 days)

 error: 
 retcode : 0
DEBUG 2024-01-23 18:15:53.526 UTC: 	 Myproxy is valid: 2591760
DEBUG 2024-01-23 18:15:53.526 UTC: 	 Result of myproxy credential check:
  Credential exists on myproxy: username: 2283c1c99b6cf631e0ccc1abd189566f931bf34e  - validity: 29 days, 23:56:00
DEBUG 2024-01-23 18:15:53.526 UTC: 	 Retrieving username ...
DEBUG 2024-01-23 18:15:53.526 UTC: 	 Retrieving username from CRIC...
DEBUG 2024-01-23 18:15:54.381 UTC: 	 username is lfrosina
INFO 2024-01-23 18:15:55.597 UTC: 	 Rucio client intialized for account lfrosina
DEBUG 2024-01-23 18:15:55.597 UTC: 	 Command use: status
DEBUG 2024-01-23 18:15:55.597 UTC: 	 Options use: ['-d', './crab_Run2_DATA_SD_OnlyCharged_ParticlePtCut1Gev_Aggregation']
DEBUG 2024-01-23 18:15:55.597 UTC: 	 Encoded data for curl request: subresource=version
DEBUG 2024-01-23 18:15:55.634 UTC: 	 CRABClient version: v3.231101
DEBUG 2024-01-23 18:15:55.635 UTC: 	 Instance is prod
DEBUG 2024-01-23 18:15:55.635 UTC: 	 Server base url is cmsweb.cern.ch
DEBUG 2024-01-23 18:15:55.635 UTC: 	 Command api workflow
DEBUG 2024-01-23 18:15:55.635 UTC: 	 Encoded data for curl request: subresource=search&workflow=240123_181528%3Alfrosina_crab_Run2_DATA_SD_OnlyCharged_ParticlePtCut1Gev_Aggregation
DEBUG 2024-01-23 18:15:55.680 UTC: 	 Got information from server oracle database: {'desc': {'columns': ['tm_taskname', 'tm_activity', 'panda_jobset_id', 'tm_task_status', 'tm_task_command', 'tm_start_time', 'tm_start_injection', 'tm_end_injection', 'tm_task_failure', 'tm_job_sw', 'tm_job_arch', 'tm_input_dataset', 'tm_nonvalid_input_dataset', 'tm_use_parent', 'tm_site_whitelist', 'tm_site_blacklist', 'tm_split_algo', 'tm_split_args', 'tm_user_sandbox', 'tm_cache_url', 'tm_username', 'tm_user_dn', 'tm_user_vo', 'tm_user_role', 'tm_user_group', 'tm_publish_name', 'tm_publish_groupname', 'tm_asyncdest', 'tm_dbs_url', 'tm_publish_dbs_url', 'tm_publication', 'tm_outfiles', 'tm_tfile_outfiles', 'tm_edm_outfiles', 'tm_job_type', 'tm_generator', 'tm_events_per_lumi', 'tm_arguments', 'panda_resubmitted_jobs', 'tm_save_logs', 'tw_name', 'tm_user_infiles', 'tm_maxjobruntime', 'tm_numcores', 'tm_maxmemory', 'tm_priority', 'tm_output_dataset', 'tm_task_warnings', 'tm_user_webdir', 'tm_scriptexe', 'tm_scriptargs', 'tm_extrajdl', 'tm_asourl', 'tm_collector', 'tm_schedd', 'tm_dry_run', 'tm_user_files', 'tm_transfer_outputs', 'tm_output_lfn', 'tm_ignore_locality', 'tm_fail_limit', 'tm_one_event_mode', 'tm_secondary_input_dataset', 'tm_primary_dataset', 'tm_last_publication', 'tm_debug_files', 'clusterid', 'tm_asodb', 'tm_ignore_global_blacklist', 'tm_submitter_ip_addr', 'tm_totalunits', 'tm_ddm_reqid', 'tm_user_config', 'tm_transfer_container', 'tm_transfer_rule', 'tm_publish_rule', 'tm_multipub_rule']}, 'result': ['240123_181528:lfrosina_crab_Run2_DATA_SD_OnlyCharged_ParticlePtCut1Gev_Aggregation', 'None', 'None', 'QUEUED', 'SUBMIT', '2024-01-23 18:15:28.912372', 'None', 'None', 'None', 'CMSSW_12_5_0', 'slc7_amd64_gcc10', '/HIHardProbes/HIRun2018A-PbPb18_MiniAODv1-v1/MINIAOD', 'F', '0', '[]', '[]', 'EventAwareLumiBased', "{'halt_job_on_file_boundaries': False, 'splitOnRun': False, 'events_per_job': 30000, 'runs': [], 'lumis': []}", 'b835a74de63eb55f13df361462e95e160297b8c414a34448b5265f6945742753.tar.gz', 'https://cmsweb.cern.ch/S3/crabcache_prod', 'lfrosina', '/DC=ch/DC=cern/OU=Organic Units/OU=Users/CN=lfrosina/CN=873805/CN=Lorenzo Frosina', 'cms', 'None', 'None', 'crab_Run2_DATA_SD_OnlyCharged_ParticlePtCut1Gev_Aggregation-00000000000000000000000000000000', 'F', 'T2_IT_Rome', 'https://cmsweb.cern.ch/dbs/prod/global/DBSReader', 'https://cmsweb.cern.ch/dbs/prod/phys03/DBSWriter', 'F', '[]', "['HiForestMiniAOD_OnlyCharged_DATA_latekt_ParticleJetCut1Gev.root']", '[]', 'Analysis', 'pythia', 'None', '{}', 'None', 'F', 'crab-prod-tw01', '[]', '1250', '1', '5000', '10', 'None', '[]', 'None', 'None', '[]', '[]', 'None', 'cmsgwms-collector-global.cern.ch:9620,cmsgwms-collector-global.fnal.gov:9620', 'None', 'F', '[]', 'T', '/store/user/lfrosina/Run2_dfinder_DATA_SD_OnlyCharged_ParticlePtCut1Gev_aggregation', 'F', 'None', 'F', 'None', 'HIHardProbes', 'None', '52fa5ef4d4f96b793e8ce6e062dce4163081c0e7586e9d6a1368033916e1100f.tar.gz', 'None', 'None', 'F', '188.185.89.194', '-1.0', 'None', '{"partialdataset": false, "requireaccelerator": false, "acceleratorparams": null, "inputblocks": null}', 'None', 'None', 'None', 'None']}
INFO 2024-01-23 18:15:55.681 UTC: 	 CRAB project directory:		/afs/cern.ch/user/l/lfrosina/public/DFinder/CMSSW_12_5_0/src/dfinder/crab_Run2_DATA_SD_OnlyCharged_ParticlePtCut1Gev_Aggregation
INFO 2024-01-23 18:15:55.681 UTC: 	 Task name:			240123_181528:lfrosina_crab_Run2_DATA_SD_OnlyCharged_ParticlePtCut1Gev_Aggregation
INFO 2024-01-23 18:15:55.681 UTC: 	 Grid scheduler - Task Worker:	N/A yet - crab-prod-tw01
INFO 2024-01-23 18:15:55.681 UTC: 	 Status on the CRAB server:	QUEUED on command SUBMIT
INFO 2024-01-23 18:15:55.681 UTC: 	 Task URL to use for HELP:	https://cmsweb.cern.ch/crabserver/ui/task/240123_181528%3Alfrosina_crab_Run2_DATA_SD_OnlyCharged_ParticlePtCut1Gev_Aggregation
INFO 2024-01-23 18:15:55.689 UTC: 	 Dashboard monitoring URL:	https://monit-grafana.cern.ch/d/cmsTMDetail/cms-task-monitoring-task-view?orgId=11&var-user=lfrosina&var-task=240123_181528%3Alfrosina_crab_Run2_DATA_SD_OnlyCharged_ParticlePtCut1Gev_Aggregation&from=1706030128000&to=now
DEBUG 2024-01-23 18:15:55.689 UTC: 	 The task has not been submitted to the Grid scheduler yet. Not printing job information.
INFO 2024-01-23 18:15:55.694 UTC: 	 Log file is /afs/cern.ch/user/l/lfrosina/public/DFinder/CMSSW_12_5_0/src/dfinder/crab_Run2_DATA_SD_OnlyCharged_ParticlePtCut1Gev_Aggregation/crab.log
