

[31m~*~ CENTRALITY TABLE FOR 2018 PBPB DATA ~*~[0m
[36m~*~ TAG: CentralityTable_HFtowers200_DataPbPb_periHYDJETshape_run2v1033p1x01_offline ~*~[0m


DEBUG 2024-01-25 17:09:23.115 UTC: 	 CRAB Client version: v3.231101
DEBUG 2024-01-25 17:09:23.115 UTC: 	 Running on: Linux lxplus718.cern.ch 3.10.0-1160.102.1.el7.x86_64 #1 SMP Tue Oct 17 15:42:21 UTC 2023 x86_64 x86_64 x86_64 GNU/Linux - CentOS Linux 7 (Core)
DEBUG 2024-01-25 17:09:23.115 UTC: 	 Executing command: 'submit'
DEBUG 2024-01-25 17:09:23.116 UTC: 	 Found CRAB cache file /afs/cern.ch/user/l/lfrosina/.crab3
INFO 2024-01-25 17:09:23.116 UTC: 	 Will use CRAB configuration file submit_crab_data.py
DEBUG 2024-01-25 17:09:23.116 UTC: 	 Loading CRAB configuration file.
DEBUG 2024-01-25 17:09:23.123 UTC: 	 Will use CRAB Analysis plugin (i.e. will run an analysis job type).
DEBUG 2024-01-25 17:09:23.134 UTC: 	 Checking credentials
DEBUG 2024-01-25 17:09:23.135 UTC: 	 Found proxy file /tmp/x509up_u167428
DEBUG 2024-01-25 17:09:23.135 UTC: 	 Making sure it has proper VOMS extension
DEBUG 2024-01-25 17:09:23.135 UTC: 	 Executing command :
 voms-proxy-info --vo --file /tmp/x509up_u167428
DEBUG 2024-01-25 17:09:23.530 UTC: 	 output : cms

 error: 
 retcode : 0
DEBUG 2024-01-25 17:09:23.530 UTC: 	 Getting proxy life time left
DEBUG 2024-01-25 17:09:23.530 UTC: 	 Executing command :
 voms-proxy-info --actimeleft --timeleft --file /tmp/x509up_u167428
DEBUG 2024-01-25 17:09:23.905 UTC: 	 output : 29506
29506

 error: 
 retcode : 0
DEBUG 2024-01-25 17:09:23.905 UTC: 	 Proxy valid for 08:11:46 hours
DEBUG 2024-01-25 17:09:23.905 UTC: 	 Encoded data for curl request: subresource=delegatedn
DEBUG 2024-01-25 17:09:23.984 UTC: 	 Registering user credentials on myproxy for /DC=ch/DC=cern/OU=computers/CN=crab-(preprod|prod|dev)-tw(01|02|03).cern.ch|/DC=ch/DC=cern/OU=computers/CN=stefanov(m|m2).cern.ch|/DC=ch/DC=cern/OU=computers/CN=dciangot-tw.cern.ch
DEBUG 2024-01-25 17:09:23.984 UTC: 	 Executing command :
 voms-proxy-info --identity --file /tmp/x509up_u167428
DEBUG 2024-01-25 17:09:24.371 UTC: 	 output : /DC=ch/DC=cern/OU=Organic Units/OU=Users/CN=lfrosina/CN=873805/CN=Lorenzo Frosina

 error: 
 retcode : 0
DEBUG 2024-01-25 17:09:24.371 UTC: 	 Getting myproxy life time left for 2283c1c99b6cf631e0ccc1abd189566f931bf34e
DEBUG 2024-01-25 17:09:24.371 UTC: 	 Executing command :
 myproxy-info -s myproxy.cern.ch -l 2283c1c99b6cf631e0ccc1abd189566f931bf34e
DEBUG 2024-01-25 17:09:24.640 UTC: 	 output : username: 2283c1c99b6cf631e0ccc1abd189566f931bf34e
owner: /DC=ch/DC=cern/OU=Organic Units/OU=Users/CN=lfrosina/CN=873805/CN=Lorenzo Frosina
  renewal policy: /DC=ch/DC=cern/OU=computers/CN=crab-(preprod|prod|dev)-tw(01|02|03).cern.ch|/DC=ch/DC=cern/OU=computers/CN=stefanov(m|m2).cern.ch|/DC=ch/DC=cern/OU=computers/CN=dciangot-tw.cern.ch
  trusted retrieval policy: /DC=ch/DC=cern/OU=computers/CN=crab-(preprod|prod|dev)-tw(01|02|03).cern.ch|/DC=ch/DC=cern/OU=computers/CN=stefanov(m|m2).cern.ch|/DC=ch/DC=cern/OU=computers/CN=dciangot-tw.cern.ch
  timeleft: 673:03:13  (28.0 days)

 error: 
 retcode : 0
DEBUG 2024-01-25 17:09:24.640 UTC: 	 Myproxy is valid: 2422980
DEBUG 2024-01-25 17:09:24.640 UTC: 	 Result of myproxy credential check:
  Credential exists on myproxy: username: 2283c1c99b6cf631e0ccc1abd189566f931bf34e  - validity: 28 days, 1:03:00
DEBUG 2024-01-25 17:09:24.641 UTC: 	 Command use: submit
DEBUG 2024-01-25 17:09:24.641 UTC: 	 Options use: ['submit_crab_data.py']
DEBUG 2024-01-25 17:09:24.641 UTC: 	 Encoded data for curl request: subresource=version
DEBUG 2024-01-25 17:09:24.687 UTC: 	 CRABClient version: v3.231101
DEBUG 2024-01-25 17:09:24.687 UTC: 	 Instance is prod
DEBUG 2024-01-25 17:09:24.687 UTC: 	 Server base url is cmsweb.cern.ch
DEBUG 2024-01-25 17:09:24.687 UTC: 	 Command api workflow
DEBUG 2024-01-25 17:09:24.687 UTC: 	 Started submission
DEBUG 2024-01-25 17:09:24.687 UTC: 	 Working on /afs/cern.ch/user/l/lfrosina/public/DFinder/CMSSW_12_5_0/src/dfinder/crab_Run2_DATA_OnlyCharged_Aggregation
DEBUG 2024-01-25 17:09:24.687 UTC: 	 Encoded data for curl request: subresource=backendurls
DEBUG 2024-01-25 17:09:24.766 UTC: 	 Loading required information from the environment
DEBUG 2024-01-25 17:09:24.766 UTC: 	 Found CMSSW_12_5_0 for slc7_amd64_gcc10 with base /afs/cern.ch/user/l/lfrosina/public/DFinder/CMSSW_12_5_0
DEBUG 2024-01-25 17:09:24.766 UTC: 	 Loading required information from the environment
DEBUG 2024-01-25 17:09:24.766 UTC: 	 Found CMSSW_12_5_0 for slc7_amd64_gcc10 with base /afs/cern.ch/user/l/lfrosina/public/DFinder/CMSSW_12_5_0
DEBUG 2024-01-25 17:09:24.766 UTC: 	 UNIQUE NAME: tarUUID ed6c5e3e-1508-4680-b76e-30c230b12168 
DEBUG 2024-01-25 17:09:24.766 UTC: 	 self.config: from WMCore.Configuration import Configuration
config = Configuration()
config.section_('General')
config.General.transferOutputs = True
config.General.requestName = 'Run2_DATA_OnlyCharged_Aggregation'
config.section_('JobType')
config.JobType.psetName = 'forest_miniAOD_run2_DATA_wDfinder.py'
config.JobType.outputFiles = ['HiForestMiniAOD_OnlyCharged_DATA_Dfinder.root']
config.JobType.maxMemoryMB = 5000
config.JobType.pluginName = 'Analysis'
config.section_('Data')
config.Data.totalUnits = -1
config.Data.inputDataset = '/HIHardProbes/HIRun2018A-PbPb18_MiniAODv1-v1/MINIAOD'
config.Data.publication = False
config.Data.splitting = 'EventAwareLumiBased'
config.Data.outLFNDirBase = '/store/user/lfrosina/Run2_dfinder_DATA_OnlyCharged_aggregation'
config.Data.unitsPerJob = 30000
config.section_('Site')
config.Site.storageSite = 'T2_IT_Rome'
config.section_('User')
config.section_('Debug')

DEBUG 2024-01-25 17:09:24.766 UTC: 	 self.config.JobType.psetName: forest_miniAOD_run2_DATA_wDfinder.py
INFO 2024-01-25 17:09:24.766 UTC: 	 Importing CMSSW configuration forest_miniAOD_run2_DATA_wDfinder.py
INFO 2024-01-25 17:09:26.850 UTC: 	 Finished importing CMSSW configuration forest_miniAOD_run2_DATA_wDfinder.py
DEBUG 2024-01-25 17:09:26.850 UTC: 	 Writing CMSSW configuration to /afs/cern.ch/user/l/lfrosina/public/DFinder/CMSSW_12_5_0/src/dfinder/crab_Run2_DATA_OnlyCharged_Aggregation/inputs/PSet.py
DEBUG 2024-01-25 17:09:27.019 UTC: 	 The following EDM output files will be collected: []
DEBUG 2024-01-25 17:09:27.019 UTC: 	 The following TFile output files will be collected: ['HiForestMiniAOD_OnlyCharged_DATA_Dfinder.root']
DEBUG 2024-01-25 17:09:27.019 UTC: 	 The following user output files (not listed as PoolOuputModule or TFileService in the CMSSW PSet) will be collected: 
DEBUG 2024-01-25 17:09:27.019 UTC: 	 Loading required information from the environment
DEBUG 2024-01-25 17:09:27.019 UTC: 	 Found CMSSW_12_5_0 for slc7_amd64_gcc10 with base /afs/cern.ch/user/l/lfrosina/public/DFinder/CMSSW_12_5_0
DEBUG 2024-01-25 17:09:27.019 UTC: 	 Making tarball in /afs/cern.ch/user/l/lfrosina/public/DFinder/CMSSW_12_5_0/src/dfinder/crab_Run2_DATA_OnlyCharged_Aggregation/inputs/ed6c5e3e-1508-4680-b76e-30c230b12168default.tgz
DEBUG 2024-01-25 17:09:27.020 UTC: 	 Checking directory /afs/cern.ch/user/l/lfrosina/public/DFinder/CMSSW_12_5_0/bin
DEBUG 2024-01-25 17:09:27.020 UTC: 	 Adding directory /afs/cern.ch/user/l/lfrosina/public/DFinder/CMSSW_12_5_0/bin to tarball
DEBUG 2024-01-25 17:09:27.024 UTC: 	 Checking directory /afs/cern.ch/user/l/lfrosina/public/DFinder/CMSSW_12_5_0/python
DEBUG 2024-01-25 17:09:27.024 UTC: 	 Adding directory /afs/cern.ch/user/l/lfrosina/public/DFinder/CMSSW_12_5_0/python to tarball
DEBUG 2024-01-25 17:09:27.091 UTC: 	 Checking directory /afs/cern.ch/user/l/lfrosina/public/DFinder/CMSSW_12_5_0/cfipython
DEBUG 2024-01-25 17:09:27.092 UTC: 	 Adding directory /afs/cern.ch/user/l/lfrosina/public/DFinder/CMSSW_12_5_0/cfipython to tarball
DEBUG 2024-01-25 17:09:27.137 UTC: 	 Checking directory /afs/cern.ch/user/l/lfrosina/public/DFinder/CMSSW_12_5_0/lib
DEBUG 2024-01-25 17:09:27.137 UTC: 	 Adding directory /afs/cern.ch/user/l/lfrosina/public/DFinder/CMSSW_12_5_0/lib to tarball
DEBUG 2024-01-25 17:09:28.318 UTC: 	 Checking directory /afs/cern.ch/user/l/lfrosina/public/DFinder/CMSSW_12_5_0/biglib
DEBUG 2024-01-25 17:09:28.318 UTC: 	 Adding directory /afs/cern.ch/user/l/lfrosina/public/DFinder/CMSSW_12_5_0/biglib to tarball
DEBUG 2024-01-25 17:09:28.320 UTC: 	 Checking directory /afs/cern.ch/user/l/lfrosina/public/DFinder/CMSSW_12_5_0/module
DEBUG 2024-01-25 17:09:28.320 UTC: 	 Checking directory /afs/cern.ch/user/l/lfrosina/public/DFinder/CMSSW_12_5_0/config/SCRAM/hooks
DEBUG 2024-01-25 17:09:28.320 UTC: 	 Adding directory /afs/cern.ch/user/l/lfrosina/public/DFinder/CMSSW_12_5_0/config/SCRAM/hooks to tarball
DEBUG 2024-01-25 17:09:28.369 UTC: 	 Adding directory /afs/cern.ch/user/l/lfrosina/public/DFinder/CMSSW_12_5_0/src/HeavyIonsAnalysis/Configuration/data to tarball
DEBUG 2024-01-25 17:09:28.371 UTC: 	 Adding directory /afs/cern.ch/user/l/lfrosina/public/DFinder/CMSSW_12_5_0/src/HeavyIonsAnalysis/Configuration/python to tarball
DEBUG 2024-01-25 17:09:28.378 UTC: 	 Adding directory /afs/cern.ch/user/l/lfrosina/public/DFinder/CMSSW_12_5_0/src/HeavyIonsAnalysis/EGMAnalysis/data to tarball
DEBUG 2024-01-25 17:09:28.379 UTC: 	 Adding directory /afs/cern.ch/user/l/lfrosina/public/DFinder/CMSSW_12_5_0/src/HeavyIonsAnalysis/EGMAnalysis/interface to tarball
DEBUG 2024-01-25 17:09:28.380 UTC: 	 Adding directory /afs/cern.ch/user/l/lfrosina/public/DFinder/CMSSW_12_5_0/src/HeavyIonsAnalysis/EGMAnalysis/python to tarball
DEBUG 2024-01-25 17:09:28.382 UTC: 	 Adding directory /afs/cern.ch/user/l/lfrosina/public/DFinder/CMSSW_12_5_0/src/HeavyIonsAnalysis/EventAnalysis/python to tarball
DEBUG 2024-01-25 17:09:28.390 UTC: 	 Adding directory /afs/cern.ch/user/l/lfrosina/public/DFinder/CMSSW_12_5_0/src/HeavyIonsAnalysis/JetAnalysis/interface to tarball
DEBUG 2024-01-25 17:09:28.391 UTC: 	 Adding directory /afs/cern.ch/user/l/lfrosina/public/DFinder/CMSSW_12_5_0/src/HeavyIonsAnalysis/JetAnalysis/python to tarball
DEBUG 2024-01-25 17:09:28.396 UTC: 	 Adding directory /afs/cern.ch/user/l/lfrosina/public/DFinder/CMSSW_12_5_0/src/HeavyIonsAnalysis/MuonAnalysis/interface to tarball
DEBUG 2024-01-25 17:09:28.398 UTC: 	 Adding directory /afs/cern.ch/user/l/lfrosina/public/DFinder/CMSSW_12_5_0/src/HeavyIonsAnalysis/MuonAnalysis/python to tarball
DEBUG 2024-01-25 17:09:28.399 UTC: 	 Adding directory /afs/cern.ch/user/l/lfrosina/public/DFinder/CMSSW_12_5_0/src/HeavyIonsAnalysis/TrackAnalysis/interface to tarball
DEBUG 2024-01-25 17:09:28.400 UTC: 	 Adding directory /afs/cern.ch/user/l/lfrosina/public/DFinder/CMSSW_12_5_0/src/HeavyIonsAnalysis/TrackAnalysis/python to tarball
DEBUG 2024-01-25 17:09:28.402 UTC: 	 Adding directory /afs/cern.ch/user/l/lfrosina/public/DFinder/CMSSW_12_5_0/src/HeavyIonsAnalysis/ZDCAnalysis/python to tarball
DEBUG 2024-01-25 17:09:28.406 UTC: 	 Adding directory /afs/cern.ch/user/l/lfrosina/public/DFinder/CMSSW_12_5_0/src/RecoHI/HiJetAlgos/interface to tarball
DEBUG 2024-01-25 17:09:28.409 UTC: 	 Adding directory /afs/cern.ch/user/l/lfrosina/public/DFinder/CMSSW_12_5_0/src/RecoHI/HiJetAlgos/python to tarball
DEBUG 2024-01-25 17:09:28.417 UTC: 	 Adding directory /afs/cern.ch/user/l/lfrosina/public/DFinder/CMSSW_12_5_0/src/RecoJets/JetProducers/data to tarball
DEBUG 2024-01-25 17:09:28.418 UTC: 	 Adding directory /afs/cern.ch/user/l/lfrosina/public/DFinder/CMSSW_12_5_0/src/RecoJets/JetProducers/interface to tarball
DEBUG 2024-01-25 17:09:28.424 UTC: 	 Adding directory /afs/cern.ch/user/l/lfrosina/public/DFinder/CMSSW_12_5_0/src/RecoJets/JetProducers/python to tarball
DEBUG 2024-01-25 17:09:28.455 UTC: 	 Adding directory /afs/cern.ch/user/l/lfrosina/public/DFinder/CMSSW_12_5_0/src/RecoJets/Configuration/python to tarball
DEBUG 2024-01-25 17:09:28.464 UTC: 	 Adding directory /afs/cern.ch/user/l/lfrosina/public/DFinder/CMSSW_12_5_0/src/RecoJets/FFTJetAlgorithms/interface to tarball
DEBUG 2024-01-25 17:09:28.470 UTC: 	 Adding directory /afs/cern.ch/user/l/lfrosina/public/DFinder/CMSSW_12_5_0/src/RecoJets/FFTJetProducers/interface to tarball
DEBUG 2024-01-25 17:09:28.472 UTC: 	 Adding directory /afs/cern.ch/user/l/lfrosina/public/DFinder/CMSSW_12_5_0/src/RecoJets/FFTJetProducers/python to tarball
DEBUG 2024-01-25 17:09:28.552 UTC: 	 Adding directory /afs/cern.ch/user/l/lfrosina/public/DFinder/CMSSW_12_5_0/src/RecoJets/JetAlgorithms/interface to tarball
DEBUG 2024-01-25 17:09:28.557 UTC: 	 Adding directory /afs/cern.ch/user/l/lfrosina/public/DFinder/CMSSW_12_5_0/src/RecoJets/JetAnalyzers/interface to tarball
DEBUG 2024-01-25 17:09:28.562 UTC: 	 Adding directory /afs/cern.ch/user/l/lfrosina/public/DFinder/CMSSW_12_5_0/src/RecoJets/JetAnalyzers/python to tarball
DEBUG 2024-01-25 17:09:28.566 UTC: 	 Adding directory /afs/cern.ch/user/l/lfrosina/public/DFinder/CMSSW_12_5_0/src/RecoJets/JetAssociationAlgorithms/interface to tarball
DEBUG 2024-01-25 17:09:28.568 UTC: 	 Adding directory /afs/cern.ch/user/l/lfrosina/public/DFinder/CMSSW_12_5_0/src/RecoJets/JetAssociationProducers/interface to tarball
DEBUG 2024-01-25 17:09:28.569 UTC: 	 Adding directory /afs/cern.ch/user/l/lfrosina/public/DFinder/CMSSW_12_5_0/src/RecoJets/JetAssociationProducers/python to tarball
DEBUG 2024-01-25 17:09:28.577 UTC: 	 Adding directory /afs/cern.ch/user/l/lfrosina/public/DFinder/CMSSW_12_5_0/src/RecoJets/JetPlusTracks/python to tarball
DEBUG 2024-01-25 17:09:28.586 UTC: 	 Adding directory /afs/cern.ch/user/l/lfrosina/public/DFinder/CMSSW_12_5_0/src/Bfinder/Bfinder/interface to tarball
DEBUG 2024-01-25 17:09:28.658 UTC: 	 Adding directory /afs/cern.ch/user/l/lfrosina/public/DFinder/CMSSW_12_5_0/src/Bfinder/finderMaker/python to tarball
DEBUG 2024-01-25 17:09:29.000 UTC: 	 Uploading archive /afs/cern.ch/user/l/lfrosina/public/DFinder/CMSSW_12_5_0/src/dfinder/crab_Run2_DATA_OnlyCharged_Aggregation/inputs/ed6c5e3e-1508-4680-b76e-30c230b12168default.tgz (4.245117.1 MB) to the CRAB cache. Using URI https://cmsweb.cern.ch/S3/crabcache_prod
DEBUG 2024-01-25 17:09:30.431 UTC: 	 Encoded data for curl request: subresource=upload&objecttype=sandbox&tarballname=70d9ef00fe3f724533e50a1e4cf9dd6f7aaf6327f5181bedaabd5adf17eaf1b8.tar.gz
DEBUG 2024-01-25 17:09:30.504 UTC: 	 sandbox 70d9ef00fe3f724533e50a1e4cf9dd6f7aaf6327f5181bedaabd5adf17eaf1b8.tar.gz is already in the S3 store, will not upload again
DEBUG 2024-01-25 17:09:30.504 UTC: 	 Loading required information from the environment
DEBUG 2024-01-25 17:09:30.504 UTC: 	 Found CMSSW_12_5_0 for slc7_amd64_gcc10 with base /afs/cern.ch/user/l/lfrosina/public/DFinder/CMSSW_12_5_0
DEBUG 2024-01-25 17:09:30.504 UTC: 	 Making tarball in /afs/cern.ch/user/l/lfrosina/public/DFinder/CMSSW_12_5_0/src/dfinder/crab_Run2_DATA_OnlyCharged_Aggregation/inputs/debugFiles.tgz
DEBUG 2024-01-25 17:09:30.510 UTC: 	 Uploading archive /afs/cern.ch/user/l/lfrosina/public/DFinder/CMSSW_12_5_0/src/dfinder/crab_Run2_DATA_OnlyCharged_Aggregation/inputs/debugFiles.tgz (4 KB) to the CRAB cache. Using URI https://cmsweb.cern.ch/S3/crabcache_prod
DEBUG 2024-01-25 17:09:30.513 UTC: 	 Encoded data for curl request: subresource=upload&objecttype=sandbox&tarballname=d03b321dc56a95d007751bb8019e94dde707d6fd7518dc6c6af8016d3a7af733.tar.gz
DEBUG 2024-01-25 17:09:30.564 UTC: 	 Will execute:
curl -f -v -X POST  -H "User-Agent: CRAB" -F "key=lfrosina/sandboxes/d03b321dc56a95d007751bb8019e94dde707d6fd7518dc6c6af8016d3a7af733.tar.gz" -F "AWSAccessKeyId=ab00fcc889f248c495d2875f15a3badb" -F "policy=eyJleHBpcmF0aW9uIjogIjIwMjQtMDEtMjVUMTg6MDk6MzBaIiwgImNvbmRpdGlvbnMiOiBbeyJidWNrZXQiOiAiY3JhYmNhY2hlX3Byb2QifSwgeyJrZXkiOiAibGZyb3NpbmEvc2FuZGJveGVzL2QwM2IzMjFkYzU2YTk1ZDAwNzc1MWJiODAxOWU5NGRkZTcwN2Q2ZmQ3NTE4ZGM2YzZhZjgwMTZkM2E3YWY3MzMudGFyLmd6In1dfQ==" -F "signature=oVzmH7djE4ENyt5UIHG8c52QDZI=" -F "file=@/afs/cern.ch/user/l/lfrosina/public/DFinder/CMSSW_12_5_0/src/dfinder/crab_Run2_DATA_OnlyCharged_Aggregation/inputs/debugFiles.tgz" "https://s3.cern.ch/crabcache_prod"
DEBUG 2024-01-25 17:09:30.617 UTC: 	 exitcode: 0
stdout: b''
DEBUG 2024-01-25 17:09:30.617 UTC: 	 sandbox /afs/cern.ch/user/l/lfrosina/public/DFinder/CMSSW_12_5_0/src/dfinder/crab_Run2_DATA_OnlyCharged_Aggregation/inputs/debugFiles.tgz successully uploaded to S3
DEBUG 2024-01-25 17:09:30.617 UTC: 	 Result uploading input files: 70d9ef00fe3f724533e50a1e4cf9dd6f7aaf6327f5181bedaabd5adf17eaf1b8.tar.gz 
INFO 2024-01-25 17:09:30.617 UTC: 	 Sending the request to the server at cmsweb.cern.ch
DEBUG 2024-01-25 17:09:30.617 UTC: 	 Submitting {'dryrun': 0, 'workflow': 'crab_Run2_DATA_OnlyCharged_Aggregation', 'saveoutput': 1, 'savelogsflag': 0, 'inputdata': '/HIHardProbes/HIRun2018A-PbPb18_MiniAODv1-v1/MINIAOD', 'primarydataset': '', 'nonvaliddata': 0, 'userfiles': [], 'dbsurl': 'https://cmsweb.cern.ch/dbs/prod/global/DBSReader', 'useparent': 0, 'ignorelocality': 0, 'splitalgo': 'EventAwareLumiBased', 'algoargs': 30000, 'totalunits': -1, 'lfn': '/store/user/lfrosina/Run2_dfinder_DATA_OnlyCharged_aggregation', 'publication': 0, 'publishdbsurl': 'https://cmsweb.cern.ch/dbs/prod/phys03/DBSWriter', 'publishname2': '', 'jobtype': 'Analysis', 'generator': 'pythia', 'addoutputfiles': [], 'maxjobruntime': 1250, 'numcores': 1, 'maxmemory': 5000, 'priority': 10, 'nonprodsw': 0, 'asyncdest': 'T2_IT_Rome', 'requireaccelerator': 0, 'oneEventMode': 0, 'extrajdl': [], 'ignoreglobalblacklist': 0, 'partialdataset': 0, 'inputblocks': [], 'tfileoutfiles': ['HiForestMiniAOD_OnlyCharged_DATA_Dfinder.root'], 'edmoutfiles': [], 'jobarch': 'slc7_amd64_gcc10', 'jobsw': 'CMSSW_12_5_0', 'cacheurl': 'https://cmsweb.cern.ch/S3/crabcache_prod', 'cachefilename': '70d9ef00fe3f724533e50a1e4cf9dd6f7aaf6327f5181bedaabd5adf17eaf1b8.tar.gz', 'debugfilename': 'd03b321dc56a95d007751bb8019e94dde707d6fd7518dc6c6af8016d3a7af733.tar.gz'} 
DEBUG 2024-01-25 17:09:30.618 UTC: 	 Encoded data for curl request: dryrun=0&workflow=crab_Run2_DATA_OnlyCharged_Aggregation&saveoutput=1&savelogsflag=0&inputdata=%2FHIHardProbes%2FHIRun2018A-PbPb18_MiniAODv1-v1%2FMINIAOD&primarydataset=&nonvaliddata=0&dbsurl=https%3A%2F%2Fcmsweb.cern.ch%2Fdbs%2Fprod%2Fglobal%2FDBSReader&useparent=0&ignorelocality=0&splitalgo=EventAwareLumiBased&algoargs=30000&totalunits=-1&lfn=%2Fstore%2Fuser%2Flfrosina%2FRun2_dfinder_DATA_OnlyCharged_aggregation&publication=0&publishdbsurl=https%3A%2F%2Fcmsweb.cern.ch%2Fdbs%2Fprod%2Fphys03%2FDBSWriter&publishname2=&jobtype=Analysis&generator=pythia&maxjobruntime=1250&numcores=1&maxmemory=5000&priority=10&nonprodsw=0&asyncdest=T2_IT_Rome&requireaccelerator=0&oneEventMode=0&ignoreglobalblacklist=0&partialdataset=0&jobarch=slc7_amd64_gcc10&jobsw=CMSSW_12_5_0&cacheurl=https%3A%2F%2Fcmsweb.cern.ch%2FS3%2Fcrabcache_prod&cachefilename=70d9ef00fe3f724533e50a1e4cf9dd6f7aaf6327f5181bedaabd5adf17eaf1b8.tar.gz&debugfilename=d03b321dc56a95d007751bb8019e94dde707d6fd7518dc6c6af8016d3a7af733.tar.gz&tfileoutfiles=HiForestMiniAOD_OnlyCharged_DATA_Dfinder.root
DEBUG 2024-01-25 17:09:30.690 UTC: 	 Result: {'result': [{'RequestName': '240125_170930:lfrosina_crab_Run2_DATA_OnlyCharged_Aggregation'}]}
INFO 2024-01-25 17:09:30.692 UTC: 	 Success: Your task has been delivered to the prod CRAB3 server.
INFO 2024-01-25 17:09:30.692 UTC: 	 Task name: 240125_170930:lfrosina_crab_Run2_DATA_OnlyCharged_Aggregation
INFO 2024-01-25 17:09:30.692 UTC: 	 Project dir: ./crab_Run2_DATA_OnlyCharged_Aggregation
INFO 2024-01-25 17:09:30.692 UTC: 	 Please use ' crab status -d ./crab_Run2_DATA_OnlyCharged_Aggregation ' to check how the submission process proceeds.
DEBUG 2024-01-25 17:09:30.693 UTC: 	 About to return
INFO 2024-01-25 17:09:30.700 UTC: 	 Log file is /afs/cern.ch/user/l/lfrosina/public/DFinder/CMSSW_12_5_0/src/dfinder/crab_Run2_DATA_OnlyCharged_Aggregation/crab.log
DEBUG 2024-01-25 17:09:39.188 UTC: 	 CRAB Client version: v3.231101
DEBUG 2024-01-25 17:09:39.189 UTC: 	 Running on: Linux lxplus718.cern.ch 3.10.0-1160.102.1.el7.x86_64 #1 SMP Tue Oct 17 15:42:21 UTC 2023 x86_64 x86_64 x86_64 GNU/Linux - CentOS Linux 7 (Core)
DEBUG 2024-01-25 17:09:39.189 UTC: 	 Executing command: 'status'
DEBUG 2024-01-25 17:09:39.189 UTC: 	 Found CRAB cache file /afs/cern.ch/user/l/lfrosina/.crab3
DEBUG 2024-01-25 17:09:39.197 UTC: 	 Checking credentials
DEBUG 2024-01-25 17:09:39.197 UTC: 	 Found proxy file /tmp/x509up_u167428
DEBUG 2024-01-25 17:09:39.197 UTC: 	 Making sure it has proper VOMS extension
DEBUG 2024-01-25 17:09:39.197 UTC: 	 Executing command :
 voms-proxy-info --vo --file /tmp/x509up_u167428
DEBUG 2024-01-25 17:09:39.561 UTC: 	 output : cms

 error: 
 retcode : 0
DEBUG 2024-01-25 17:09:39.562 UTC: 	 Getting proxy life time left
DEBUG 2024-01-25 17:09:39.562 UTC: 	 Executing command :
 voms-proxy-info --actimeleft --timeleft --file /tmp/x509up_u167428
DEBUG 2024-01-25 17:09:39.919 UTC: 	 output : 29490
29490

 error: 
 retcode : 0
DEBUG 2024-01-25 17:09:39.919 UTC: 	 Proxy valid for 08:11:30 hours
DEBUG 2024-01-25 17:09:39.920 UTC: 	 Encoded data for curl request: subresource=delegatedn
DEBUG 2024-01-25 17:09:39.963 UTC: 	 Registering user credentials on myproxy for /DC=ch/DC=cern/OU=computers/CN=crab-(preprod|prod|dev)-tw(01|02|03).cern.ch|/DC=ch/DC=cern/OU=computers/CN=stefanov(m|m2).cern.ch|/DC=ch/DC=cern/OU=computers/CN=dciangot-tw.cern.ch
DEBUG 2024-01-25 17:09:39.963 UTC: 	 Executing command :
 voms-proxy-info --identity --file /tmp/x509up_u167428
DEBUG 2024-01-25 17:09:40.336 UTC: 	 output : /DC=ch/DC=cern/OU=Organic Units/OU=Users/CN=lfrosina/CN=873805/CN=Lorenzo Frosina

 error: 
 retcode : 0
DEBUG 2024-01-25 17:09:40.336 UTC: 	 Getting myproxy life time left for 2283c1c99b6cf631e0ccc1abd189566f931bf34e
DEBUG 2024-01-25 17:09:40.336 UTC: 	 Executing command :
 myproxy-info -s myproxy.cern.ch -l 2283c1c99b6cf631e0ccc1abd189566f931bf34e
DEBUG 2024-01-25 17:09:40.607 UTC: 	 output : username: 2283c1c99b6cf631e0ccc1abd189566f931bf34e
owner: /DC=ch/DC=cern/OU=Organic Units/OU=Users/CN=lfrosina/CN=873805/CN=Lorenzo Frosina
  renewal policy: /DC=ch/DC=cern/OU=computers/CN=crab-(preprod|prod|dev)-tw(01|02|03).cern.ch|/DC=ch/DC=cern/OU=computers/CN=stefanov(m|m2).cern.ch|/DC=ch/DC=cern/OU=computers/CN=dciangot-tw.cern.ch
  trusted retrieval policy: /DC=ch/DC=cern/OU=computers/CN=crab-(preprod|prod|dev)-tw(01|02|03).cern.ch|/DC=ch/DC=cern/OU=computers/CN=stefanov(m|m2).cern.ch|/DC=ch/DC=cern/OU=computers/CN=dciangot-tw.cern.ch
  timeleft: 673:02:57  (28.0 days)

 error: 
 retcode : 0
DEBUG 2024-01-25 17:09:40.607 UTC: 	 Myproxy is valid: 2422920
DEBUG 2024-01-25 17:09:40.607 UTC: 	 Result of myproxy credential check:
  Credential exists on myproxy: username: 2283c1c99b6cf631e0ccc1abd189566f931bf34e  - validity: 28 days, 1:02:00
DEBUG 2024-01-25 17:09:40.607 UTC: 	 Retrieving username ...
DEBUG 2024-01-25 17:09:40.607 UTC: 	 Retrieving username from CRIC...
DEBUG 2024-01-25 17:09:41.458 UTC: 	 username is lfrosina
INFO 2024-01-25 17:09:42.459 UTC: 	 Rucio client intialized for account lfrosina
DEBUG 2024-01-25 17:09:42.460 UTC: 	 Command use: status
DEBUG 2024-01-25 17:09:42.460 UTC: 	 Options use: ['-d', './crab_Run2_DATA_OnlyCharged_Aggregation']
DEBUG 2024-01-25 17:09:42.460 UTC: 	 Encoded data for curl request: subresource=version
DEBUG 2024-01-25 17:09:42.540 UTC: 	 CRABClient version: v3.231101
DEBUG 2024-01-25 17:09:42.540 UTC: 	 Instance is prod
DEBUG 2024-01-25 17:09:42.540 UTC: 	 Server base url is cmsweb.cern.ch
DEBUG 2024-01-25 17:09:42.540 UTC: 	 Command api workflow
DEBUG 2024-01-25 17:09:42.541 UTC: 	 Encoded data for curl request: subresource=search&workflow=240125_170930%3Alfrosina_crab_Run2_DATA_OnlyCharged_Aggregation
DEBUG 2024-01-25 17:09:42.593 UTC: 	 Got information from server oracle database: {'desc': {'columns': ['tm_taskname', 'tm_activity', 'panda_jobset_id', 'tm_task_status', 'tm_task_command', 'tm_start_time', 'tm_start_injection', 'tm_end_injection', 'tm_task_failure', 'tm_job_sw', 'tm_job_arch', 'tm_input_dataset', 'tm_nonvalid_input_dataset', 'tm_use_parent', 'tm_site_whitelist', 'tm_site_blacklist', 'tm_split_algo', 'tm_split_args', 'tm_user_sandbox', 'tm_cache_url', 'tm_username', 'tm_user_dn', 'tm_user_vo', 'tm_user_role', 'tm_user_group', 'tm_publish_name', 'tm_publish_groupname', 'tm_asyncdest', 'tm_dbs_url', 'tm_publish_dbs_url', 'tm_publication', 'tm_outfiles', 'tm_tfile_outfiles', 'tm_edm_outfiles', 'tm_job_type', 'tm_generator', 'tm_events_per_lumi', 'tm_arguments', 'panda_resubmitted_jobs', 'tm_save_logs', 'tw_name', 'tm_user_infiles', 'tm_maxjobruntime', 'tm_numcores', 'tm_maxmemory', 'tm_priority', 'tm_output_dataset', 'tm_task_warnings', 'tm_user_webdir', 'tm_scriptexe', 'tm_scriptargs', 'tm_extrajdl', 'tm_asourl', 'tm_collector', 'tm_schedd', 'tm_dry_run', 'tm_user_files', 'tm_transfer_outputs', 'tm_output_lfn', 'tm_ignore_locality', 'tm_fail_limit', 'tm_one_event_mode', 'tm_secondary_input_dataset', 'tm_primary_dataset', 'tm_last_publication', 'tm_debug_files', 'clusterid', 'tm_asodb', 'tm_ignore_global_blacklist', 'tm_submitter_ip_addr', 'tm_totalunits', 'tm_ddm_reqid', 'tm_user_config', 'tm_transfer_container', 'tm_transfer_rule', 'tm_publish_rule', 'tm_multipub_rule']}, 'result': ['240125_170930:lfrosina_crab_Run2_DATA_OnlyCharged_Aggregation', 'None', 'None', 'NEW', 'SUBMIT', '2024-01-25 17:09:30.684693', 'None', 'None', 'None', 'CMSSW_12_5_0', 'slc7_amd64_gcc10', '/HIHardProbes/HIRun2018A-PbPb18_MiniAODv1-v1/MINIAOD', 'F', '0', '[]', '[]', 'EventAwareLumiBased', "{'halt_job_on_file_boundaries': False, 'splitOnRun': False, 'events_per_job': 30000, 'runs': [], 'lumis': []}", '70d9ef00fe3f724533e50a1e4cf9dd6f7aaf6327f5181bedaabd5adf17eaf1b8.tar.gz', 'https://cmsweb.cern.ch/S3/crabcache_prod', 'lfrosina', '/DC=ch/DC=cern/OU=Organic Units/OU=Users/CN=lfrosina/CN=873805/CN=Lorenzo Frosina', 'cms', 'None', 'None', 'crab_Run2_DATA_OnlyCharged_Aggregation-00000000000000000000000000000000', 'F', 'T2_IT_Rome', 'https://cmsweb.cern.ch/dbs/prod/global/DBSReader', 'https://cmsweb.cern.ch/dbs/prod/phys03/DBSWriter', 'F', '[]', "['HiForestMiniAOD_OnlyCharged_DATA_Dfinder.root']", '[]', 'Analysis', 'pythia', 'None', '{}', 'None', 'F', 'None', '[]', '1250', '1', '5000', '10', 'None', '[]', 'None', 'None', '[]', '[]', 'None', 'cmsgwms-collector-global.cern.ch:9620,cmsgwms-collector-global.fnal.gov:9620', 'None', 'F', '[]', 'T', '/store/user/lfrosina/Run2_dfinder_DATA_OnlyCharged_aggregation', 'F', 'None', 'F', 'None', 'HIHardProbes', 'None', 'd03b321dc56a95d007751bb8019e94dde707d6fd7518dc6c6af8016d3a7af733.tar.gz', 'None', 'None', 'F', '137.138.154.184', '-1.0', 'None', '{"partialdataset": false, "requireaccelerator": false, "acceleratorparams": null, "inputblocks": null}', 'None', 'None', 'None', 'None']}
INFO 2024-01-25 17:09:42.594 UTC: 	 CRAB project directory:		/afs/cern.ch/user/l/lfrosina/public/DFinder/CMSSW_12_5_0/src/dfinder/crab_Run2_DATA_OnlyCharged_Aggregation
INFO 2024-01-25 17:09:42.594 UTC: 	 Task name:			240125_170930:lfrosina_crab_Run2_DATA_OnlyCharged_Aggregation
INFO 2024-01-25 17:09:42.594 UTC: 	 Grid scheduler - Task Worker:	N/A yet - N/A yet
INFO 2024-01-25 17:09:42.594 UTC: 	 Status on the CRAB server:	NEW on command SUBMIT
INFO 2024-01-25 17:09:42.594 UTC: 	 Task URL to use for HELP:	https://cmsweb.cern.ch/crabserver/ui/task/240125_170930%3Alfrosina_crab_Run2_DATA_OnlyCharged_Aggregation
INFO 2024-01-25 17:09:42.602 UTC: 	 Dashboard monitoring URL:	https://monit-grafana.cern.ch/d/cmsTMDetail/cms-task-monitoring-task-view?orgId=11&var-user=lfrosina&var-task=240125_170930%3Alfrosina_crab_Run2_DATA_OnlyCharged_Aggregation&from=1706198970000&to=now
DEBUG 2024-01-25 17:09:42.602 UTC: 	 The task has not been submitted to the Grid scheduler yet. Not printing job information.
INFO 2024-01-25 17:09:42.605 UTC: 	 Log file is /afs/cern.ch/user/l/lfrosina/public/DFinder/CMSSW_12_5_0/src/dfinder/crab_Run2_DATA_OnlyCharged_Aggregation/crab.log
